[2017.10.17-12.31.48:912][  0]Log file open, 10/17/17 14:31:48
[2017.10.17-12.31.48:912][  0]LogInit:Display: Running engine for game: HskaGameProgramming
[2017.10.17-12.31.48:912][  0]LogInit:Display: RandInit(-1017258088) SRandInit(-1017258088).
[2017.10.17-12.31.48:912][  0]LogTaskGraph: Started task graph with 4 named threads and 7 total threads.
[2017.10.17-12.31.48:912][  0]LogStats: Stats thread started at 0.080138
[2017.10.17-12.31.48:912][  0]LogInit: Version: 4.9.2-2707645+++depot+UE4-Releases+4.9
[2017.10.17-12.31.48:912][  0]LogInit: API Version: 2672455
[2017.10.17-12.31.48:912][  0]LogInit: Compiled (64-bit): Sep 28 2015 10:25:44
[2017.10.17-12.31.48:912][  0]LogInit: Compiled with Visual C++: 18.00.21005.01
[2017.10.17-12.31.48:912][  0]LogInit: Build Configuration: Development
[2017.10.17-12.31.48:912][  0]LogInit: Branch Name: ++depot+UE4-Releases+4.9
[2017.10.17-12.31.48:912][  0]LogInit: Command line:  
[2017.10.17-12.31.48:912][  0]LogInit: Base directory: C:/Program Files/Epic Games/UE_4.9/Engine/Binaries/Win64/
[2017.10.17-12.31.48:912][  0]LogInit: Rocket: 1
[2017.10.17-12.31.48:921][  0]LogInit: Using libcurl 7.41.0
[2017.10.17-12.31.48:921][  0]LogInit:  - built for x86_64-pc-win32
[2017.10.17-12.31.48:921][  0]LogInit:  - supports SSL with WinSSL
[2017.10.17-12.31.48:921][  0]LogInit:  - other features:
[2017.10.17-12.31.48:921][  0]LogInit:      CURL_VERSION_SSL
[2017.10.17-12.31.48:921][  0]LogInit:      CURL_VERSION_IPV6
[2017.10.17-12.31.48:922][  0]LogInit:      CURL_VERSION_ASYNCHDNS
[2017.10.17-12.31.48:922][  0]LogInit:      CURL_VERSION_LARGEFILE
[2017.10.17-12.31.48:922][  0]LogInit:      CURL_VERSION_IDN
[2017.10.17-12.31.48:922][  0]LogInit:  CurlRequestOptions (configurable via config and command line):
[2017.10.17-12.31.48:922][  0]LogInit:  - bVerifyPeer = true  - Libcurl will verify peer certificate
[2017.10.17-12.31.48:922][  0]LogInit:  - bUseHttpProxy = false  - Libcurl will NOT use HTTP proxy
[2017.10.17-12.31.48:922][  0]LogInit:  - bDontReuseConnections = false  - Libcurl will reuse connections
[2017.10.17-12.31.48:922][  0]LogInit:  - CertBundlePath = nullptr  - Libcurl will use whatever was configured at build time.
[2017.10.17-12.31.48:930][  0]LogInit: Presizing for 0 objects not considered by GC, pre-allocating 0 bytes.
[2017.10.17-12.31.48:940][  0]LogInit: Object subsystem initialized
[2017.10.17-12.31.48:942][  0]LogInit: Selected Device Profile: [Windows]
[2017.10.17-12.31.48:942][  0]LogInit: Applying CVar settings loaded from the selected device profile: [Windows]
[2017.10.17-12.31.48:952][  0]LogInit: Computer: ARTY-PC
[2017.10.17-12.31.48:952][  0]LogInit: User: Arty
[2017.10.17-12.31.48:952][  0]LogInit: CPU Page size=4096, Cores=4
[2017.10.17-12.31.48:952][  0]LogInit: High frequency timer resolution =2.143603 MHz
[2017.10.17-12.31.48:952][  0]LogMemory: Memory total: Physical=5.9GB (6GB approx)
[2017.10.17-12.31.48:952][  0]LogMemory: Platform Memory Stats for Windows
[2017.10.17-12.31.48:952][  0]LogMemory: Process Physical Memory: 55.16 MB used, 55.16 MB peak
[2017.10.17-12.31.48:952][  0]LogMemory: Process Virtual Memory: 59.46 MB used, 59.46 MB peak
[2017.10.17-12.31.48:952][  0]LogMemory: Physical Memory: 4071.05 MB used, 6054.69 MB total
[2017.10.17-12.31.48:952][  0]LogMemory: Virtual Memory: 341.65 MB used, 8388608.00 MB total
[2017.10.17-12.31.48:998][  0]LogTextLocalizationManager: No specific translations for ('en-US') exist, so ('en') translations will be used.
[2017.10.17-12.31.50:014][  0]LogD3D11RHI: Found D3D11 adapter 0: Intel(R) HD Graphics 3000 (Feature Level 11_0)
[2017.10.17-12.31.50:014][  0]LogD3D11RHI: Adapter has 1998MB of dedicated video memory, 0MB of dedicated system memory, and 2047MB of shared system memory, 2 output[s]
[2017.10.17-12.31.50:026][  0]LogD3D11RHI: Found D3D11 adapter 1: NVIDIA GeForce GT 630M                (Feature Level 11_0)
[2017.10.17-12.31.50:026][  0]LogD3D11RHI: Adapter has 1998MB of dedicated video memory, 0MB of dedicated system memory, and 2047MB of shared system memory, 0 output[s]
[2017.10.17-12.31.50:026][  0]LogD3D11RHI: Chosen D3D11 Adapter Id = 0
[2017.10.17-12.31.50:033][  0]LogD3D11RHI: !Direct3DDevice
[2017.10.17-12.31.50:033][  0]LogRHI: Texture pool is 1361 MB (70% of 1945 MB)
[2017.10.17-12.31.50:043][  0]LogD3D11RHI: Async texture creation enabled
[2017.10.17-12.31.50:061][  0]LogShaderCompilers: Guid format shader working directory is 15 characters bigger than the processId version (../../../../../../Users/Arty/Documents/Unreal Projects/HskaGameProgramming/Intermediate/Shaders/WorkingDirectory/9480/).
[2017.10.17-12.31.50:062][  0]LogShaderCompilers: Cleaned the shader compiler working directory '../../../../../../Users/Arty/Documents/Unreal Projects/HskaGameProgramming/Intermediate/Shaders/tmp/0ED3A50E4ADA41E1309949A71442D6F8/'.
[2017.10.17-12.31.50:062][  0]LogShaderCompilers:Display: Using Local Shader Compiler.
[2017.10.17-12.31.51:509][  0]LogTemp:Display: Loaded TP AllDesktopTargetPlatform
[2017.10.17-12.31.51:516][  0]LogTemp:Display: Loaded TP WindowsClientTargetPlatform
[2017.10.17-12.31.51:523][  0]LogTemp:Display: Loaded TP WindowsNoEditorTargetPlatform
[2017.10.17-12.31.51:530][  0]LogTemp:Display: Loaded TP WindowsServerTargetPlatform
[2017.10.17-12.31.51:536][  0]LogTemp:Display: Loaded TP WindowsTargetPlatform
[2017.10.17-12.31.51:541][  0]LogTemp:Display: Loaded TP AndroidTargetPlatform
[2017.10.17-12.31.51:545][  0]LogTemp:Display: Loaded TP Android_ASTCTargetPlatform
[2017.10.17-12.31.51:550][  0]LogTemp:Display: Loaded TP Android_ATCTargetPlatform
[2017.10.17-12.31.51:555][  0]LogTemp:Display: Loaded TP Android_DXTTargetPlatform
[2017.10.17-12.31.51:560][  0]LogTemp:Display: Loaded TP Android_ETC1TargetPlatform
[2017.10.17-12.31.51:565][  0]LogTemp:Display: Loaded TP Android_ETC2TargetPlatform
[2017.10.17-12.31.51:570][  0]LogTemp:Display: Loaded TP Android_PVRTCTargetPlatform
[2017.10.17-12.31.51:571][  0]LogTemp:Display: Loaded TP HTML5TargetPlatform
[2017.10.17-12.31.51:588][  0]LogTemp:Display: Loaded TP IOSTargetPlatform
[2017.10.17-12.31.51:592][  0]LogTemp:Display: Loaded TP LinuxNoEditorTargetPlatform
[2017.10.17-12.31.51:597][  0]LogTemp:Display: Loaded TP LinuxServerTargetPlatform
[2017.10.17-12.31.51:602][  0]LogTemp:Display: Loaded TP LinuxTargetPlatform
[2017.10.17-12.31.51:602][  0]LogTargetPlatformManager:Display: Building Assets For Windows
[2017.10.17-12.31.51:705][  0]LogDerivedDataCache:Display: Max Cache Size: 512 MB
[2017.10.17-12.31.51:773][  0]LogDerivedDataCache: Loaded boot cache 0.07s 41MB C:/Users/Arty/AppData/Local/UnrealEngine/4.9/DerivedDataCache/Boot.ddc.
[2017.10.17-12.31.51:773][  0]LogDerivedDataCache:Display: Loaded Boot cache: C:/Users/Arty/AppData/Local/UnrealEngine/4.9/DerivedDataCache/Boot.ddc
[2017.10.17-12.31.51:773][  0]LogDerivedDataCache: FDerivedDataBackendGraph:  Pak pak cache file ../../../../../../Users/Arty/Documents/Unreal Projects/HskaGameProgramming/DerivedDataCache/DDC.ddp not found, will not use a pak cache.
[2017.10.17-12.31.51:774][  0]LogDerivedDataCache: Unable to find inner node Pak for hierarchical cache Hierarchy.
[2017.10.17-12.31.51:774][  0]LogDerivedDataCache: FDerivedDataBackendGraph:  CompressedPak pak cache file ../../../../../../Users/Arty/Documents/Unreal Projects/HskaGameProgramming/DerivedDataCache/Compressed.ddp not found, will not use a pak cache.
[2017.10.17-12.31.51:774][  0]LogDerivedDataCache: Unable to find inner node CompressedPak for hierarchical cache Hierarchy.
[2017.10.17-12.31.51:991][  0]LogDerivedDataCache:Display: Pak cache opened for reading ../../../Engine/DerivedDataCache/Compressed.ddp.
[2017.10.17-12.31.52:002][  0]LogDerivedDataCache: Using Local data cache path C:/Users/Arty/AppData/Local/UnrealEngine/Common/DerivedDataCache: Writable
[2017.10.17-12.31.52:247][  0]LogInit: Selected Device Profile: [Windows]
[2017.10.17-12.31.52:248][  0]LogContentStreaming: Texture pool size is 0.000000MB
[2017.10.17-12.31.52:283][  0]LogMeshUtilities: No automatic mesh reduction module available
[2017.10.17-12.31.52:284][  0]LogMeshUtilities: No automatic mesh merging module available
[2017.10.17-12.31.52:829][  0]LogInit: WinSock: version 1.1 (2.2), MaxSocks=32767, MaxUdp=65467
[2017.10.17-12.31.53:726][  0]UdpMessaging: Initializing bridge on interface 0.0.0.0:0 to multicast group 230.0.0.1:6666.
[2017.10.17-12.31.53:881][  0]LogAssetRegistry: FAssetRegistry took 0.0108 seconds to start up
[2017.10.17-12.31.54:103][  0]SourceControl: Info Source control is disabled
[2017.10.17-12.31.54:104][  0]SourceControl: Info Source control is disabled
[2017.10.17-12.31.54:118][  0]SourceControl: Info Source control is disabled
[2017.10.17-12.31.54:130][  0]SourceControl: Info Source control is disabled
[2017.10.17-12.31.54:297][  0]LogLinker:Warning: Asset '../../../Engine/Plugins/Runtime/LeapMotionController/Content/LM_PassthroughMaterial.uasset' has been saved with empty engine version. The asset will be loaded but may be incompatible.
[2017.10.17-12.31.54:389][  0]LogObj: 28361 objects as part of root set at end of initial load.
[2017.10.17-12.31.54:389][  0]LogUObjectAllocator: 6038872 out of 0 bytes used by permanent object pool.
[2017.10.17-12.31.54:456][  0]LogEngine: Initializing Engine...
[2017.10.17-12.31.54:459][  0]LogHMD: Can't find Oculus library dev build: is proper Runtime installed? Version: 0.7.0.0
[2017.10.17-12.31.54:460][  0]LogHMD: SteamVR failed to initialize.  Err: 110
[2017.10.17-12.31.54:624][  0]LogAIModule: Creating AISystem for world NewWorld
[2017.10.17-12.31.54:629][  0]LogInit: XAudio2 using 'Speakers (Realtek High Definition Audio)' : 2 channels at 48 kHz using 32 bits per sample (channel mask 0x3)
[2017.10.17-12.31.54:659][  0]LogInit: FAudioDevice initialized.
[2017.10.17-12.31.54:688][  0]LogDerivedDataCache: Saved boot cache 0.03s 41MB C:/Users/Arty/AppData/Local/UnrealEngine/4.9/DerivedDataCache/Boot.ddc.
[2017.10.17-12.31.54:695][  0]LogInit: Texture streaming: Enabled
[2017.10.17-12.31.54:702][  0]LogAnalytics: Creating configured Analytics provider AnalyticsET
[2017.10.17-12.31.54:702][  0]LogAnalytics: [UEEditor.Rocket.Release] APIServer = http://et2.epicgames.com/ET2/. AppVersion = 4.9.2-2707645+++depot+UE4-Releases+4.9
[2017.10.17-12.31.54:703][  0]LogAnalytics: [UEEditor.Rocket.Release] SetUserId 1e1e480d469d29cfe70707834531e5c9|31b1a603288d4d93b1b870af560a183d|7f2cb8d1-278f-46fc-b5f3-ba2cfa6f34fe
[2017.10.17-12.31.54:703][  0]LogAnalytics: [UEEditor.Rocket.Release] AnalyticsET::StartSession
[2017.10.17-12.31.54:726][  0]LogInit: Transaction tracking system initialized
[2017.10.17-12.31.54:761][  0]BlueprintLog: New page: Editor Load
[2017.10.17-12.31.54:853][  0]LocalizationService: Info Localization service is disabled
[2017.10.17-12.31.54:947][  0]LogConsoleResponse:Display: 
[2017.10.17-12.31.55:103][  0]LogCook:Display: Done creating registry. It took  0.00s.
[2017.10.17-12.31.55:174][  0]LogFileCache: Scanning file cache for directory 'C:/Users/Arty/Documents/Unreal Projects/HskaGameProgramming/Content/' took 0.01s
[2017.10.17-12.31.55:174][  0]SourceControl: Info Source control is disabled
[2017.10.17-12.31.55:175][  0]Cmd: MAP LOAD FILE="../../../../../../Users/Arty/Documents/Unreal Projects/HskaGameProgramming/Content/ThirdPersonBP/Maps/ThirdPersonExampleMap.umap" TEMPLATE=0 SHOWPROGRESS=1 FEATURELEVEL=3
[2017.10.17-12.31.55:175][  0]LightingResults: New page: Lighting Build
[2017.10.17-12.31.55:179][  0]MapCheck: New page: Map Check
[2017.10.17-12.31.55:179][  0]LightingResults: New page: Lighting Build
[2017.10.17-12.31.55:191][  0]LogParticles: Destroying 0 GPU particle simulations for FXSystem 0x0000000020D9E160
[2017.10.17-12.31.55:198][  0]LogLinker:Warning: Asset '../../../../../../Users/Arty/Documents/Unreal Projects/HskaGameProgramming/Content/Mannequin/Animations/ThirdPerson_AnimBP.uasset' has been saved with empty engine version. The asset will be loaded but may be incompatible.
[2017.10.17-12.31.55:200][  0]LogLinker:Warning: Asset '../../../../../../Users/Arty/Documents/Unreal Projects/HskaGameProgramming/Content/Mannequin/Animations/ThirdPerson_Jump.uasset' has been saved with empty engine version. The asset will be loaded but may be incompatible.
[2017.10.17-12.31.55:202][  0]LogLinker:Warning: Asset '../../../../../../Users/Arty/Documents/Unreal Projects/HskaGameProgramming/Content/Mannequin/Animations/ThirdPersonJump_Loop.uasset' has been saved with empty engine version. The asset will be loaded but may be incompatible.
[2017.10.17-12.31.55:203][  0]LogLinker:Warning: Asset '../../../../../../Users/Arty/Documents/Unreal Projects/HskaGameProgramming/Content/Mannequin/Animations/ThirdPersonJump_Start.uasset' has been saved with empty engine version. The asset will be loaded but may be incompatible.
[2017.10.17-12.31.55:205][  0]LogLinker:Warning: Asset '../../../../../../Users/Arty/Documents/Unreal Projects/HskaGameProgramming/Content/Mannequin/Animations/ThirdPerson_IdleRun_2D.uasset' has been saved with empty engine version. The asset will be loaded but may be incompatible.
[2017.10.17-12.31.55:205][  0]LogLinker:Warning: Asset '../../../../../../Users/Arty/Documents/Unreal Projects/HskaGameProgramming/Content/Mannequin/Animations/ThirdPersonIdle.uasset' has been saved with empty engine version. The asset will be loaded but may be incompatible.
[2017.10.17-12.31.55:206][  0]LogLinker:Warning: Asset '../../../../../../Users/Arty/Documents/Unreal Projects/HskaGameProgramming/Content/Mannequin/Animations/ThirdPersonRun.uasset' has been saved with empty engine version. The asset will be loaded but may be incompatible.
[2017.10.17-12.31.55:208][  0]LogLinker:Warning: Asset '../../../../../../Users/Arty/Documents/Unreal Projects/HskaGameProgramming/Content/Mannequin/Animations/ThirdPersonWalk.uasset' has been saved with empty engine version. The asset will be loaded but may be incompatible.
[2017.10.17-12.31.56:338][  0]LogAIModule: Creating AISystem for world ThirdPersonExampleMap
[2017.10.17-12.31.56:348][  0]LogEditorServer: Finished looking for orphan Actors (0.000 secs)
[2017.10.17-12.31.56:349][  0]Cmd: MAP CHECKDEP NOCLEARLOG
[2017.10.17-12.31.56:415][  0]MapCheck: Info Map check complete: 0 Error(s), 0 Warning(s), took 66.108ms to complete.
[2017.10.17-12.31.56:415][  0]LogFileHelpers: Loading map 'ThirdPersonExampleMap' took 1.241
[2017.10.17-12.31.56:529][  0]LogCollectionManager: Loaded 0 collections in 0.002170 seconds
[2017.10.17-12.31.56:569][  0]LogFileCache: Scanning file cache for directory 'C:/Users/Arty/Documents/Unreal Projects/HskaGameProgramming/Saved/Collections/' took 0.01s
[2017.10.17-12.31.56:569][  0]LogFileCache: Scanning file cache for directory 'C:/Users/Arty/Documents/Unreal Projects/HskaGameProgramming/Content/Developers/Arty/Collections/' took 0.01s
[2017.10.17-12.31.56:569][  0]LogFileCache: Scanning file cache for directory 'C:/Users/Arty/Documents/Unreal Projects/HskaGameProgramming/Content/Collections/' took 0.01s
[2017.10.17-12.31.56:569][  0]LogContentBrowser: Native class hierarchy populated in 0.0087 seconds. Added 1867 classes and 333 folders.
[2017.10.17-12.31.56:580][  0]LogCollectionManager: Rebuilt the GUID cache for 0 collections in 0.000005 seconds
[2017.10.17-12.31.56:588][  0]LogContentBrowser: Native class hierarchy updated for 'WidgetCarousel' in 0.0005 seconds. Added 0 classes and 0 folders.
[2017.10.17-12.31.56:640][  0]LogContentBrowser: Native class hierarchy updated for 'AddContentDialog' in 0.0004 seconds. Added 0 classes and 0 folders.
[2017.10.17-12.31.56:645][  0]LogContentBrowser: Native class hierarchy updated for 'SceneOutliner' in 0.0005 seconds. Added 1 classes and 2 folders.
[2017.10.17-12.31.56:677][  0]LogCrashTracker: Crashtracker disabled due to settings.
[2017.10.17-12.31.56:681][  0]LogUObjectGlobals:Warning: Failed to find object 'Class None.'
[2017.10.17-12.31.56:702][  0]LogLoad: Full Startup: 8.54 seconds (BP compile: 0.26 seconds)
[2017.10.17-12.31.56:755][  0]LogContentStreaming: Texture pool size now 1000 MB
[2017.10.17-12.31.56:907][  0]LogRenderer: Reallocating scene render targets to support 712x416 (Frame:2).
[2017.10.17-12.31.57:616][  8]LogAssetRegistry: Asset discovery search completed in 3.7457 seconds
[2017.10.17-12.31.57:616][  8]LogCollectionManager: Rebuilt the object cache for 0 collections in 0.000002 seconds (found 0 objects)
[2017.10.17-12.31.57:616][  8]LogCollectionManager: Fixed up redirectors for 0 collections in 0.000054 seconds (updated 0 objects)
[2017.10.17-12.31.59:271][ 59]LogBlueprintUserMessages: Early PlayInEditor Detection: Level '/Game/ThirdPersonBP/Maps/ThirdPersonExampleMap.ThirdPersonExampleMap:PersistentLevel' has LevelScriptBlueprint '/Game/ThirdPersonBP/Maps/ThirdPersonExampleMap.ThirdPersonExampleMap:PersistentLevel.ThirdPersonExampleMap' with GeneratedClass '/Game/ThirdPersonBP/Maps/ThirdPersonExampleMap.ThirdPersonExampleMap_C' with ClassGeneratedBy '/Game/ThirdPersonBP/Maps/ThirdPersonExampleMap.ThirdPersonExampleMap:PersistentLevel.ThirdPersonExampleMap'
[2017.10.17-12.31.59:271][ 59]LogPlayLevel: PlayLevel: No blueprints needed recompiling
[2017.10.17-12.31.59:272][ 59]PIE: New page: PIE session: ThirdPersonExampleMap (Oct 17, 2017, 4:31:59 PM)
[2017.10.17-12.31.59:272][ 59]LogPlayLevel: Creating play world package: /Game/ThirdPersonBP/Maps/UEDPIE_0_ThirdPersonExampleMap
[2017.10.17-12.31.59:313][ 59]LogPlayLevel: PIE: StaticDuplicateObject took: (0.040992s)
[2017.10.17-12.31.59:314][ 59]LogAIModule: Creating AISystem for world ThirdPersonExampleMap
[2017.10.17-12.31.59:315][ 59]LogPlayLevel: PIE: World Init took: (0.001556s)
[2017.10.17-12.31.59:315][ 59]LogPlayLevel: PIE: Created PIE world by copying editor world from /Game/ThirdPersonBP/Maps/ThirdPersonExampleMap.ThirdPersonExampleMap to /Game/ThirdPersonBP/Maps/UEDPIE_0_ThirdPersonExampleMap.ThirdPersonExampleMap (0.042910s)
[2017.10.17-12.31.59:349][ 59]LogInit: XAudio2 using 'Speakers (Realtek High Definition Audio)' : 2 channels at 48 kHz using 32 bits per sample (channel mask 0x3)
[2017.10.17-12.31.59:359][ 59]LogInit: FAudioDevice initialized.
[2017.10.17-12.31.59:404][ 59]LogWorld: Game class is 'ThirdPersonGameMode_C'
[2017.10.17-12.31.59:410][ 59]LogWorld: Bringing World /Game/ThirdPersonBP/Maps/UEDPIE_0_ThirdPersonExampleMap.ThirdPersonExampleMap up for play (max tick rate 0) at 2017.10.17-14.31.59
[2017.10.17-12.31.59:410][ 59]LogActor:Warning: GameSession /Game/ThirdPersonBP/Maps/UEDPIE_0_ThirdPersonExampleMap.ThirdPersonExampleMap:PersistentLevel.GameSession_0 has natively added scene component(s), but none of them were set as the actor's RootComponent - picking one arbitrarily
[2017.10.17-12.31.59:410][ 59]LogActor:Warning: GameNetworkManager /Game/ThirdPersonBP/Maps/UEDPIE_0_ThirdPersonExampleMap.ThirdPersonExampleMap:PersistentLevel.GameNetworkManager_0 has natively added scene component(s), but none of them were set as the actor's RootComponent - picking one arbitrarily
[2017.10.17-12.31.59:411][ 59]LogWorld: Bringing up level for play took: 0.005214
[2017.10.17-12.31.59:413][ 59]PIE: Info Play in editor start time for /Game/ThirdPersonBP/Maps/UEDPIE_0_ThirdPersonExampleMap 0.758
[2017.10.17-12.31.59:414][ 59]LogBlueprintUserMessages: Late PlayInEditor Detection: Level '/Game/ThirdPersonBP/Maps/ThirdPersonExampleMap.ThirdPersonExampleMap:PersistentLevel' has LevelScriptBlueprint '/Game/ThirdPersonBP/Maps/ThirdPersonExampleMap.ThirdPersonExampleMap:PersistentLevel.ThirdPersonExampleMap' with GeneratedClass '/Game/ThirdPersonBP/Maps/ThirdPersonExampleMap.ThirdPersonExampleMap_C' with ClassGeneratedBy '/Game/ThirdPersonBP/Maps/ThirdPersonExampleMap.ThirdPersonExampleMap:PersistentLevel.ThirdPersonExampleMap'
[2017.10.17-12.32.03:002][169]LogBlueprintUserMessages: [PrimaryCharacter_C_0] Hello
[2017.10.17-12.32.03:973][201]LogBlueprintUserMessages: [CharacterSwapper_C_0] Movement complete
[2017.10.17-12.32.07:571][313]LogBlueprintUserMessages: [SecondaryCharacter_C_0] Hello
[2017.10.17-12.32.08:569][344]LogBlueprintUserMessages: [CharacterSwapper_C_1] Movement complete
[2017.10.17-12.32.13:805][513]LogBlueprintUserMessages: [PrimaryCharacter_C_0] Hello
[2017.10.17-12.32.14:772][545]LogBlueprintUserMessages: [CharacterSwapper_C_2] Movement complete
[2017.10.17-12.32.15:057][555]LogBlueprintUserMessages: [SecondaryCharacter_C_0] Hello
[2017.10.17-12.32.16:048][589]LogBlueprintUserMessages: [CharacterSwapper_C_3] Movement complete
[2017.10.17-12.32.19:517][702]LogBlueprintUserMessages: [PrimaryCharacter_C_0] Hello
[2017.10.17-12.32.20:490][733]LogBlueprintUserMessages: [CharacterSwapper_C_4] Movement complete
[2017.10.17-12.32.20:619][737]LogBlueprintUserMessages: Early EndPlayMap Detection: Level '/Game/ThirdPersonBP/Maps/ThirdPersonExampleMap.ThirdPersonExampleMap:PersistentLevel' has LevelScriptBlueprint '/Game/ThirdPersonBP/Maps/ThirdPersonExampleMap.ThirdPersonExampleMap:PersistentLevel.ThirdPersonExampleMap' with GeneratedClass '/Game/ThirdPersonBP/Maps/ThirdPersonExampleMap.ThirdPersonExampleMap_C' with ClassGeneratedBy '/Game/ThirdPersonBP/Maps/ThirdPersonExampleMap.ThirdPersonExampleMap:PersistentLevel.ThirdPersonExampleMap'
[2017.10.17-12.32.20:673][737]LogBlueprintUserMessages: Late EndPlayMap Detection: Level '/Game/ThirdPersonBP/Maps/ThirdPersonExampleMap.ThirdPersonExampleMap:PersistentLevel' has LevelScriptBlueprint '/Game/ThirdPersonBP/Maps/ThirdPersonExampleMap.ThirdPersonExampleMap:PersistentLevel.ThirdPersonExampleMap' with GeneratedClass '/Game/ThirdPersonBP/Maps/ThirdPersonExampleMap.ThirdPersonExampleMap_C' with ClassGeneratedBy '/Game/ThirdPersonBP/Maps/ThirdPersonExampleMap.ThirdPersonExampleMap:PersistentLevel.ThirdPersonExampleMap'
[2017.10.17-12.32.20:689][737]LogParticles: Destroying 0 GPU particle simulations for FXSystem 0x0000000026E528E0
[2017.10.17-12.35.10:222][768]LogRenderer: Reallocating scene render targets to support 716x416 (Frame:1322).
[2017.10.17-12.39.03:284][549]LogBlueprintUserMessages: Early PlayInEditor Detection: Level '/Game/ThirdPersonBP/Maps/ThirdPersonExampleMap.ThirdPersonExampleMap:PersistentLevel' has LevelScriptBlueprint '/Game/ThirdPersonBP/Maps/ThirdPersonExampleMap.ThirdPersonExampleMap:PersistentLevel.ThirdPersonExampleMap' with GeneratedClass '/Game/ThirdPersonBP/Maps/ThirdPersonExampleMap.ThirdPersonExampleMap_C' with ClassGeneratedBy '/Game/ThirdPersonBP/Maps/ThirdPersonExampleMap.ThirdPersonExampleMap:PersistentLevel.ThirdPersonExampleMap'
[2017.10.17-12.39.03:284][549]LogPlayLevel: PlayLevel: No blueprints needed recompiling
[2017.10.17-12.39.03:284][549]PIE: New page: PIE session: ThirdPersonExampleMap (Oct 17, 2017, 4:39:03 PM)
[2017.10.17-12.39.03:284][549]LogPlayLevel: Creating play world package: /Game/ThirdPersonBP/Maps/UEDPIE_0_ThirdPersonExampleMap
[2017.10.17-12.39.03:318][549]LogPlayLevel: PIE: StaticDuplicateObject took: (0.033869s)
[2017.10.17-12.39.03:319][549]LogAIModule: Creating AISystem for world ThirdPersonExampleMap
[2017.10.17-12.39.03:320][549]LogPlayLevel: PIE: World Init took: (0.001501s)
[2017.10.17-12.39.03:320][549]LogPlayLevel: PIE: Created PIE world by copying editor world from /Game/ThirdPersonBP/Maps/ThirdPersonExampleMap.ThirdPersonExampleMap to /Game/ThirdPersonBP/Maps/UEDPIE_0_ThirdPersonExampleMap.ThirdPersonExampleMap (0.035749s)
[2017.10.17-12.39.03:339][549]LogInit: XAudio2 using 'Speakers (Realtek High Definition Audio)' : 2 channels at 48 kHz using 32 bits per sample (channel mask 0x3)
[2017.10.17-12.39.03:348][549]LogInit: FAudioDevice initialized.
[2017.10.17-12.39.03:383][549]LogWorld: Game class is 'ThirdPersonGameMode_C'
[2017.10.17-12.39.03:390][549]LogWorld: Bringing World /Game/ThirdPersonBP/Maps/UEDPIE_0_ThirdPersonExampleMap.ThirdPersonExampleMap up for play (max tick rate 0) at 2017.10.17-14.39.03
[2017.10.17-12.39.03:390][549]LogActor:Warning: GameSession /Game/ThirdPersonBP/Maps/UEDPIE_0_ThirdPersonExampleMap.ThirdPersonExampleMap:PersistentLevel.GameSession_1 has natively added scene component(s), but none of them were set as the actor's RootComponent - picking one arbitrarily
[2017.10.17-12.39.03:391][549]LogActor:Warning: GameNetworkManager /Game/ThirdPersonBP/Maps/UEDPIE_0_ThirdPersonExampleMap.ThirdPersonExampleMap:PersistentLevel.GameNetworkManager_1 has natively added scene component(s), but none of them were set as the actor's RootComponent - picking one arbitrarily
[2017.10.17-12.39.03:392][549]LogWorld: Bringing up level for play took: 0.007415
[2017.10.17-12.39.03:395][549]PIE: Info Play in editor start time for /Game/ThirdPersonBP/Maps/UEDPIE_0_ThirdPersonExampleMap 0.733
[2017.10.17-12.39.03:395][549]LogBlueprintUserMessages: Late PlayInEditor Detection: Level '/Game/ThirdPersonBP/Maps/ThirdPersonExampleMap.ThirdPersonExampleMap:PersistentLevel' has LevelScriptBlueprint '/Game/ThirdPersonBP/Maps/ThirdPersonExampleMap.ThirdPersonExampleMap:PersistentLevel.ThirdPersonExampleMap' with GeneratedClass '/Game/ThirdPersonBP/Maps/ThirdPersonExampleMap.ThirdPersonExampleMap_C' with ClassGeneratedBy '/Game/ThirdPersonBP/Maps/ThirdPersonExampleMap.ThirdPersonExampleMap:PersistentLevel.ThirdPersonExampleMap'
[2017.10.17-12.39.05:978][633]LogBlueprintUserMessages: [PrimaryCharacter_C_0] Hello
[2017.10.17-12.39.06:861][664]LogBlueprintUserMessages: Early EndPlayMap Detection: Level '/Game/ThirdPersonBP/Maps/ThirdPersonExampleMap.ThirdPersonExampleMap:PersistentLevel' has LevelScriptBlueprint '/Game/ThirdPersonBP/Maps/ThirdPersonExampleMap.ThirdPersonExampleMap:PersistentLevel.ThirdPersonExampleMap' with GeneratedClass '/Game/ThirdPersonBP/Maps/ThirdPersonExampleMap.ThirdPersonExampleMap_C' with ClassGeneratedBy '/Game/ThirdPersonBP/Maps/ThirdPersonExampleMap.ThirdPersonExampleMap:PersistentLevel.ThirdPersonExampleMap'
[2017.10.17-12.39.06:909][664]LogBlueprintUserMessages: Late EndPlayMap Detection: Level '/Game/ThirdPersonBP/Maps/ThirdPersonExampleMap.ThirdPersonExampleMap:PersistentLevel' has LevelScriptBlueprint '/Game/ThirdPersonBP/Maps/ThirdPersonExampleMap.ThirdPersonExampleMap:PersistentLevel.ThirdPersonExampleMap' with GeneratedClass '/Game/ThirdPersonBP/Maps/ThirdPersonExampleMap.ThirdPersonExampleMap_C' with ClassGeneratedBy '/Game/ThirdPersonBP/Maps/ThirdPersonExampleMap.ThirdPersonExampleMap:PersistentLevel.ThirdPersonExampleMap'
[2017.10.17-12.39.06:959][665]LogParticles: Destroying 0 GPU particle simulations for FXSystem 0x0000000016348220
[2017.10.17-12.39.11:259][776]Cmd: QUIT_EDITOR
[2017.10.17-12.39.11:652][776]LogExit: Preparing to exit.
[2017.10.17-12.39.12:841][776]LogExit: Editor shut down
[2017.10.17-12.39.12:842][776]LogExit: Transaction tracking system shut down
[2017.10.17-12.39.12:844][776]LogParticles: Destroying 0 GPU particle simulations for FXSystem 0x000000002540B920
[2017.10.17-12.39.12:844][776]LogParticles: Destroying 0 GPU particle simulations for FXSystem 0x0000000026E50D60
[2017.10.17-12.39.12:997][776]LogExit: Object subsystem successfully closed.
[2017.10.17-12.39.13:013][776]LogD3D11RHI: Shutdown
[2017.10.17-12.39.13:013][776]LogD3D11RHI: CleanupD3DDevice
[2017.10.17-12.39.13:053][776]LogD3D11RHI: ~FD3D11DynamicRHI
[2017.10.17-12.39.13:076][776]LogModuleManager: Shutting down and abandoning module CrashTracker (197)
[2017.10.17-12.39.13:076][776]LogModuleManager: Shutting down and abandoning module SceneOutliner (196)
[2017.10.17-12.39.13:076][776]LogModuleManager: Shutting down and abandoning module SuperSearch (195)
[2017.10.17-12.39.13:076][776]LogModuleManager: Shutting down and abandoning module WidgetCarousel (194)
[2017.10.17-12.39.13:076][776]LogModuleManager: Shutting down and abandoning module AddContentDialog (193)
[2017.10.17-12.39.13:077][776]LogModuleManager: Shutting down and abandoning module EditorWidgets (192)
[2017.10.17-12.39.13:077][776]LogModuleManager: Shutting down and abandoning module CollectionManager (191)
[2017.10.17-12.39.13:077][776]LogModuleManager: Shutting down and abandoning module StatsViewer (190)
[2017.10.17-12.39.13:077][776]LogModuleManager: Shutting down and abandoning module FoliageEdit (189)
[2017.10.17-12.39.13:077][776]LogModuleManager: Shutting down and abandoning module LandscapeEditor (188)
[2017.10.17-12.39.13:077][776]LogModuleManager: Shutting down and abandoning module ActorPickerMode (187)
[2017.10.17-12.39.13:077][776]LogModuleManager: Shutting down and abandoning module GeometryMode (186)
[2017.10.17-12.39.13:077][776]LogModuleManager: Shutting down and abandoning module TextureAlignMode (185)
[2017.10.17-12.39.13:078][776]LogModuleManager: Shutting down and abandoning module BspMode (184)
[2017.10.17-12.39.13:078][776]LogModuleManager: Shutting down and abandoning module PlacementMode (183)
[2017.10.17-12.39.13:078][776]LogModuleManager: Shutting down and abandoning module AutomationWorker (182)
[2017.10.17-12.39.13:078][776]LogModuleManager: Shutting down and abandoning module CharacterAI (181)
[2017.10.17-12.39.13:078][776]LogModuleManager: Shutting down and abandoning module SmartSnapping (180)
[2017.10.17-12.39.13:078][776]LogModuleManager: Shutting down and abandoning module ViewportSnapping (179)
[2017.10.17-12.39.13:078][776]LogModuleManager: Shutting down and abandoning module LogVisualizer (178)
[2017.10.17-12.39.13:078][776]LogModuleManager: Shutting down and abandoning module GameProjectGeneration (177)
[2017.10.17-12.39.13:078][776]LogModuleManager: Shutting down and abandoning module IntroTutorials (176)
[2017.10.17-12.39.13:078][776]LogModuleManager: Shutting down and abandoning module EditorLiveStreaming (175)
[2017.10.17-12.39.13:078][776]LogModuleManager: Shutting down and abandoning module IOSPlatformEditor (174)
[2017.10.17-12.39.13:078][776]LogModuleManager: Shutting down and abandoning module HTML5PlatformEditor (173)
[2017.10.17-12.39.13:078][776]LogModuleManager: Shutting down and abandoning module AndroidDeviceDetection (172)
[2017.10.17-12.39.13:922][776]LogModuleManager: Shutting down and abandoning module AndroidPlatformEditor (171)
[2017.10.17-12.39.13:922][776]LogModuleManager: Shutting down and abandoning module IOSRuntimeSettings (170)
[2017.10.17-12.39.13:922][776]LogModuleManager: Shutting down and abandoning module AndroidRuntimeSettings (169)
[2017.10.17-12.39.13:922][776]LogModuleManager: Shutting down and abandoning module MergeActors (168)
[2017.10.17-12.39.13:922][776]LogModuleManager: Shutting down and abandoning module SizeMap (167)
[2017.10.17-12.39.13:922][776]LogModuleManager: Shutting down and abandoning module TreeMap (166)
[2017.10.17-12.39.13:922][776]LogModuleManager: Shutting down and abandoning module ReferenceViewer (165)
[2017.10.17-12.39.13:922][776]LogModuleManager: Shutting down and abandoning module LocalizationService (164)
[2017.10.17-12.39.13:923][776]LogModuleManager: Shutting down and abandoning module LocalizationDashboard (163)
[2017.10.17-12.39.13:923][776]LogModuleManager: Shutting down and abandoning module HardwareTargeting (162)
[2017.10.17-12.39.13:923][776]LogModuleManager: Shutting down and abandoning module DeviceProfileEditor (161)
[2017.10.17-12.39.13:923][776]LogModuleManager: Shutting down and abandoning module UndoHistory (160)
[2017.10.17-12.39.13:923][776]LogModuleManager: Shutting down and abandoning module GameplayTagsEditor (159)
[2017.10.17-12.39.13:923][776]LogModuleManager: Shutting down and abandoning module UserFeedback (158)
[2017.10.17-12.39.13:923][776]LogModuleManager: Shutting down and abandoning module XmlParser (157)
[2017.10.17-12.39.13:923][776]LogModuleManager: Shutting down and abandoning module Blutility (156)
[2017.10.17-12.39.13:923][776]LogModuleManager: Shutting down and abandoning module ProjectTargetPlatformEditor (155)
[2017.10.17-12.39.13:923][776]LogModuleManager: Shutting down and abandoning module ProjectSettingsViewer (154)
[2017.10.17-12.39.13:923][776]LogModuleManager: Shutting down and abandoning module InputBindingEditor (153)
[2017.10.17-12.39.13:924][776]LogModuleManager: Shutting down and abandoning module EditorSettingsViewer (152)
[2017.10.17-12.39.13:924][776]LogModuleManager: Shutting down and abandoning module SettingsEditor (151)
[2017.10.17-12.39.13:924][776]LogModuleManager: Shutting down and abandoning module ProjectLauncher (150)
[2017.10.17-12.39.13:924][776]LogModuleManager: Shutting down and abandoning module SessionFrontend (149)
[2017.10.17-12.39.13:924][776]LogModuleManager: Shutting down and abandoning module ProfilerClient (148)
[2017.10.17-12.39.13:924][776]LogModuleManager: Shutting down and abandoning module TargetDeviceServices (147)
[2017.10.17-12.39.13:924][776]LogModuleManager: Shutting down and abandoning module DeviceManager (146)
[2017.10.17-12.39.13:925][776]LogModuleManager: Shutting down and abandoning module AutomationController (145)
[2017.10.17-12.39.13:925][776]LogModuleManager: Shutting down and abandoning module AutomationWindow (144)
[2017.10.17-12.39.13:925][776]LogModuleManager: Shutting down and abandoning module Layers (143)
[2017.10.17-12.39.13:925][776]LogModuleManager: Shutting down and abandoning module ComponentVisualizers (142)
[2017.10.17-12.39.13:925][776]LogModuleManager: Shutting down and abandoning module DetailCustomizations (141)
[2017.10.17-12.39.13:925][776]LogModuleManager: Shutting down and abandoning module PackagesDialog (140)
[2017.10.17-12.39.13:925][776]LogModuleManager: Shutting down and abandoning module Persona (139)
[2017.10.17-12.39.13:925][776]LogModuleManager: Shutting down and abandoning module Kismet (138)
[2017.10.17-12.39.13:926][776]LogModuleManager: Shutting down and abandoning module GraphEditor (137)
[2017.10.17-12.39.13:926][776]LogModuleManager: Shutting down and abandoning module ClassViewer (136)
[2017.10.17-12.39.13:926][776]LogModuleManager: Shutting down and abandoning module Toolbox (135)
[2017.10.17-12.39.13:926][776]LogModuleManager: Shutting down and abandoning module ModuleUI (134)
[2017.10.17-12.39.13:926][776]LogModuleManager: Shutting down and abandoning module MovieSceneTools (133)
[2017.10.17-12.39.13:926][776]LogModuleManager: Shutting down and abandoning module OutputLog (132)
[2017.10.17-12.39.13:926][776]LogModuleManager: Shutting down and abandoning module GammaUI (131)
[2017.10.17-12.39.13:926][776]LogModuleManager: Shutting down and abandoning module Documentation (130)
[2017.10.17-12.39.13:926][776]LogModuleManager: Shutting down and abandoning module GameLiveStreaming (129)
[2017.10.17-12.39.13:926][776]LogModuleManager: Shutting down and abandoning module StreamingPauseRendering (128)
[2017.10.17-12.39.13:926][776]LogModuleManager: Shutting down and abandoning module AnalyticsET (127)
[2017.10.17-12.39.13:926][776]LogModuleManager: Shutting down and abandoning module Analytics (126)
[2017.10.17-12.39.13:926][776]LogModuleManager: Shutting down and abandoning module AITestSuite (125)
[2017.10.17-12.39.13:926][776]LogModuleManager: Shutting down and abandoning module GameplayDebugger (124)
[2017.10.17-12.39.13:927][776]LogModuleManager: Shutting down and abandoning module AIModule (123)
[2017.10.17-12.39.13:927][776]LogModuleManager: Shutting down and abandoning module ProfilerService (122)
[2017.10.17-12.39.13:934][776]LogModuleManager: Shutting down and abandoning module TaskGraph (121)
[2017.10.17-12.39.13:934][776]LogModuleManager: Shutting down and abandoning module SlateRemote (120)
[2017.10.17-12.39.13:934][776]LogModuleManager: Shutting down and abandoning module SteamVRController (119)
[2017.10.17-12.39.13:934][776]LogModuleManager: Shutting down and abandoning module SteamVR (118)
[2017.10.17-12.39.13:934][776]LogModuleManager: Shutting down and abandoning module ProceduralMeshComponent (117)
[2017.10.17-12.39.13:934][776]LogModuleManager: Shutting down and abandoning module OculusRift (116)
[2017.10.17-12.39.13:934][776]LogModuleManager: Shutting down and abandoning module OculusLibrary (115)
[2017.10.17-12.39.13:934][776]LogModuleManager: Shutting down and abandoning module LeapMotionController (114)
[2017.10.17-12.39.13:963][776]LogModuleManager: Shutting down and abandoning module CustomMeshComponent (113)
[2017.10.17-12.39.13:963][776]LogModuleManager: Shutting down and abandoning module CableComponent (112)
[2017.10.17-12.39.13:963][776]LogModuleManager: Shutting down and abandoning module ArchVisCharacter (111)
[2017.10.17-12.39.13:963][776]LogModuleManager: Shutting down and abandoning module MessagingDebugger (110)
[2017.10.17-12.39.13:964][776]LogModuleManager: Shutting down and abandoning module MediaPlayerEditor (109)
[2017.10.17-12.39.13:964][776]LogModuleManager: Shutting down and abandoning module HTML5Networking (108)
[2017.10.17-12.39.13:964][776]LogModuleManager: Shutting down and abandoning module SpeedTreeImporter (107)
[2017.10.17-12.39.13:964][776]LogModuleManager: Shutting down and abandoning module PluginBrowser (106)
[2017.10.17-12.39.13:964][776]LogModuleManager: Shutting down and abandoning module EpicSurvey (105)
[2017.10.17-12.39.13:964][776]LogModuleManager: Shutting down and abandoning module DesktopPlatform (104)
[2017.10.17-12.39.13:964][776]LogModuleManager: Shutting down and abandoning module VisualStudioSourceCodeAccess (103)
[2017.10.17-12.39.13:964][776]LogModuleManager: Shutting down and abandoning module UObjectPlugin (102)
[2017.10.17-12.39.13:964][776]LogModuleManager: Shutting down and abandoning module SubversionSourceControl (101)
[2017.10.17-12.39.13:964][776]LogModuleManager: Shutting down and abandoning module PerforceSourceControl (100)
[2017.10.17-12.39.13:964][776]LogModuleManager: Shutting down and abandoning module SourceControl (99)
[2017.10.17-12.39.13:964][776]LogModuleManager: Shutting down and abandoning module GitSourceControl (98)
[2017.10.17-12.39.13:965][776]LogModuleManager: Shutting down and abandoning module LightPropagationVolumeEditor (97)
[2017.10.17-12.39.13:965][776]LogModuleManager: Shutting down and abandoning module PaperTiledImporter (96)
[2017.10.17-12.39.13:965][776]LogModuleManager: Shutting down and abandoning module PaperSpriteSheetImporter (95)
[2017.10.17-12.39.13:965][776]LogModuleManager: Shutting down and abandoning module MeshPaint (94)
[2017.10.17-12.39.13:965][776]LogModuleManager: Shutting down and abandoning module SlateReflector (93)
[2017.10.17-12.39.13:965][776]LogModuleManager: Shutting down and abandoning module HotReload (92)
[2017.10.17-12.39.13:965][776]LogModuleManager: Shutting down and abandoning module MainFrame (91)
[2017.10.17-12.39.13:965][776]LogModuleManager: Shutting down and abandoning module LevelEditor (90)
[2017.10.17-12.39.13:968][776]LogModuleManager: Shutting down and abandoning module DirectoryWatcher (89)
[2017.10.17-12.39.13:969][776]LogModuleManager: Shutting down and abandoning module AssetRegistry (88)
[2017.10.17-12.39.14:036][776]LogModuleManager: Shutting down and abandoning module ContentBrowser (87)
[2017.10.17-12.39.14:037][776]LogModuleManager: Shutting down and abandoning module Paper2DEditor (86)
[2017.10.17-12.39.14:037][776]LogModuleManager: Shutting down and abandoning module UdpMessaging (85)
[2017.10.17-12.39.14:137][776]LogModuleManager: Shutting down and abandoning module LightPropagationVolumeRuntime (84)
[2017.10.17-12.39.14:137][776]LogModuleManager: Shutting down and abandoning module Paper2D (83)
[2017.10.17-12.39.14:137][776]LogModuleManager: Shutting down and abandoning module WindowsMoviePlayer (82)
[2017.10.17-12.39.14:145][776]LogModuleManager: Shutting down and abandoning module Media (81)
[2017.10.17-12.39.14:145][776]LogModuleManager: Shutting down and abandoning module WmfMedia (80)
[2017.10.17-12.39.14:146][776]LogModuleManager: Shutting down and abandoning module OnlineBlueprintSupport (79)
[2017.10.17-12.39.14:146][776]LogModuleManager: Shutting down and abandoning module GameplayTasksEditor (78)
[2017.10.17-12.39.14:146][776]LogModuleManager: Shutting down and abandoning module PropertyEditor (77)
[2017.10.17-12.39.14:146][776]LogModuleManager: Shutting down and abandoning module BehaviorTreeEditor (76)
[2017.10.17-12.39.14:146][776]LogModuleManager: Shutting down and abandoning module FunctionalTesting (75)
[2017.10.17-12.39.14:146][776]LogModuleManager: Shutting down and abandoning module CollisionAnalyzer (74)
[2017.10.17-12.39.14:146][776]LogModuleManager: Shutting down and abandoning module WorkspaceMenuStructure (73)
[2017.10.17-12.39.14:146][776]LogModuleManager: Shutting down and abandoning module MessageLog (72)
[2017.10.17-12.39.14:146][776]LogModuleManager: Shutting down and abandoning module Sequencer (71)
[2017.10.17-12.39.14:146][776]LogModuleManager: Shutting down and abandoning module AssetTools (70)
[2017.10.17-12.39.14:146][776]LogModuleManager: Shutting down and abandoning module UMGEditor (69)
[2017.10.17-12.39.14:147][776]LogModuleManager: Shutting down and abandoning module UMG (68)
[2017.10.17-12.39.14:147][776]LogModuleManager: Shutting down and abandoning module Slate (67)
[2017.10.17-12.39.14:147][776]LogModuleManager: Shutting down and abandoning module EditorStyle (66)
[2017.10.17-12.39.14:153][776]LogModuleManager: Shutting down and abandoning module SessionServices (65)
[2017.10.17-12.39.14:153][776]LogModuleManager: Shutting down and abandoning module SourceCodeAccess (64)
[2017.10.17-12.39.14:153][776]LogModuleManager: Shutting down and abandoning module HeadMountedDisplay (63)
[2017.10.17-12.39.14:153][776]LogModuleManager: Shutting down and abandoning module XAudio2 (62)
[2017.10.17-12.39.14:153][776]LogModuleManager: Shutting down and abandoning module Networking (60)
[2017.10.17-12.39.14:153][776]LogModuleManager: Shutting down and abandoning module Core (59)
[2017.10.17-12.39.14:153][776]LogModuleManager: Shutting down and abandoning module KismetCompiler (58)
[2017.10.17-12.39.14:153][776]LogModuleManager: Shutting down and abandoning module PhysXFormats (57)
[2017.10.17-12.39.14:153][776]LogModuleManager: Shutting down and abandoning module MeshUtilities (56)
[2017.10.17-12.39.14:154][776]LogModuleManager: Shutting down and abandoning module CookingStats (55)
[2017.10.17-12.39.14:155][776]LogModuleManager: Shutting down and abandoning module DerivedDataCache (54)
[2017.10.17-12.39.14:176][776]LogDerivedDataCache: Shutdown
[2017.10.17-12.39.14:176][776]LogModuleManager: Shutting down and abandoning module ShaderFormatOpenGL (53)
[2017.10.17-12.39.14:176][776]LogModuleManager: Shutting down and abandoning module ShaderFormatD3D (52)
[2017.10.17-12.39.14:176][776]LogModuleManager: Shutting down and abandoning module MetalShaderFormat (51)
[2017.10.17-12.39.14:176][776]LogModuleManager: Shutting down and abandoning module TextureFormatUncompressed (50)
[2017.10.17-12.39.14:176][776]LogModuleManager: Shutting down and abandoning module TextureFormatPVR (49)
[2017.10.17-12.39.14:176][776]LogModuleManager: Shutting down and abandoning module TextureFormatIntelISPCTexComp (48)
[2017.10.17-12.39.14:176][776]LogModuleManager: Shutting down and abandoning module TextureFormatDXT (47)
[2017.10.17-12.39.14:176][776]LogModuleManager: Shutting down and abandoning module ImageWrapper (46)
[2017.10.17-12.39.14:176][776]LogModuleManager: Shutting down and abandoning module TextureFormatASTC (45)
[2017.10.17-12.39.14:176][776]LogModuleManager: Shutting down and abandoning module TextureFormatAndroid (44)
[2017.10.17-12.39.14:176][776]LogModuleManager: Shutting down and abandoning module AudioFormatOpus (43)
[2017.10.17-12.39.14:176][776]LogModuleManager: Shutting down and abandoning module AudioFormatOgg (42)
[2017.10.17-12.39.14:176][776]LogModuleManager: Shutting down and abandoning module AudioFormatADPCM (41)
[2017.10.17-12.39.14:176][776]LogModuleManager: Shutting down and abandoning module LinuxTargetPlatform (40)
[2017.10.17-12.39.14:176][776]LogModuleManager: Shutting down and abandoning module LinuxServerTargetPlatform (39)
[2017.10.17-12.39.14:176][776]LogModuleManager: Shutting down and abandoning module LinuxNoEditorTargetPlatform (38)
[2017.10.17-12.39.14:176][776]LogModuleManager: Shutting down and abandoning module Messaging (37)
[2017.10.17-12.39.14:176][776]LogModuleManager: Shutting down and abandoning module IOSTargetPlatform (36)
[2017.10.17-12.39.14:176][776]LogModuleManager: Shutting down and abandoning module HTML5TargetPlatform (35)
[2017.10.17-12.39.14:176][776]LogModuleManager: Shutting down and abandoning module Android_PVRTCTargetPlatform (34)
[2017.10.17-12.39.14:176][776]LogModuleManager: Shutting down and abandoning module Android_ETC2TargetPlatform (33)
[2017.10.17-12.39.14:176][776]LogModuleManager: Shutting down and abandoning module Android_ETC1TargetPlatform (32)
[2017.10.17-12.39.14:176][776]LogModuleManager: Shutting down and abandoning module Android_DXTTargetPlatform (31)
[2017.10.17-12.39.14:176][776]LogModuleManager: Shutting down and abandoning module Android_ATCTargetPlatform (30)
[2017.10.17-12.39.14:176][776]LogModuleManager: Shutting down and abandoning module Android_ASTCTargetPlatform (29)
[2017.10.17-12.39.14:176][776]LogModuleManager: Shutting down and abandoning module AndroidTargetPlatform (28)
[2017.10.17-12.39.14:176][776]LogModuleManager: Shutting down and abandoning module WindowsTargetPlatform (27)
[2017.10.17-12.39.14:176][776]LogModuleManager: Shutting down and abandoning module WindowsServerTargetPlatform (26)
[2017.10.17-12.39.14:177][776]LogModuleManager: Shutting down and abandoning module WindowsNoEditorTargetPlatform (25)
[2017.10.17-12.39.14:177][776]LogModuleManager: Shutting down and abandoning module WindowsClientTargetPlatform (24)
[2017.10.17-12.39.14:177][776]LogModuleManager: Shutting down and abandoning module AllDesktopTargetPlatform (23)
[2017.10.17-12.39.14:177][776]LogModuleManager: Shutting down and abandoning module TargetPlatform (22)
[2017.10.17-12.39.14:177][776]LogModuleManager: Shutting down and abandoning module InputCore (21)
[2017.10.17-12.39.14:177][776]LogModuleManager: Shutting down and abandoning module Settings (20)
[2017.10.17-12.39.14:177][776]LogModuleManager: Shutting down and abandoning module OnlineSubsystem (18)
[2017.10.17-12.39.14:177][776]LogModuleManager: Shutting down and abandoning module HTTP (17)
[2017.10.17-12.39.16:177][776]LogModuleManager: Shutting down and abandoning module XMPP (16)
[2017.10.17-12.39.16:178][776]LogModuleManager: Shutting down and abandoning module ExampleDeviceProfileSelector (15)
[2017.10.17-12.39.16:178][776]LogModuleManager: Shutting down and abandoning module TextureCompressor (14)
[2017.10.17-12.39.16:178][776]LogModuleManager: Shutting down and abandoning module ShaderCore (13)
[2017.10.17-12.39.16:178][776]LogModuleManager: Shutting down and abandoning module Landscape (12)
[2017.10.17-12.39.16:178][776]LogModuleManager: Shutting down and abandoning module SlateRHIRenderer (11)
[2017.10.17-12.39.16:180][776]LogModuleManager: Shutting down and abandoning module OpenGLDrv (10)
[2017.10.17-12.39.16:180][776]LogModuleManager: Shutting down and abandoning module D3D11RHI (9)
[2017.10.17-12.39.16:180][776]LogModuleManager: Shutting down and abandoning module AnimGraphRuntime (8)
[2017.10.17-12.39.16:180][776]LogModuleManager: Shutting down and abandoning module Renderer (7)
[2017.10.17-12.39.16:180][776]LogModuleManager: Shutting down and abandoning module Engine (6)
[2017.10.17-12.39.16:180][776]LogModuleManager: Shutting down and abandoning module CoreUObject (5)
[2017.10.17-12.39.16:180][776]LogModuleManager: Shutting down and abandoning module NetworkFile (4)
[2017.10.17-12.39.16:180][776]LogModuleManager: Shutting down and abandoning module StreamingFile (3)
[2017.10.17-12.39.16:180][776]LogModuleManager: Shutting down and abandoning module SandboxFile (2)
[2017.10.17-12.39.16:180][776]LogModuleManager: Shutting down and abandoning module PakFile (1)
[2017.10.17-12.39.16:182][776]LogExit: Exiting.
[2017.10.17-12.39.16:185][776]Log file closed, 10/17/17 14:39:16
