[2017.10.17-12.16.41:126][  0]Log file open, 10/17/17 14:16:41
[2017.10.17-12.16.41:126][  0]LogInit:Display: Running engine for game: HskaGameProgramming
[2017.10.17-12.16.41:126][  0]LogInit:Display: RandInit(1331982059) SRandInit(1331982060).
[2017.10.17-12.16.41:126][  0]LogTaskGraph: Started task graph with 4 named threads and 7 total threads.
[2017.10.17-12.16.41:126][  0]LogStats: Stats thread started at 0.081028
[2017.10.17-12.16.41:126][  0]LogInit: Version: 4.9.2-2707645+++depot+UE4-Releases+4.9
[2017.10.17-12.16.41:126][  0]LogInit: API Version: 2672455
[2017.10.17-12.16.41:126][  0]LogInit: Compiled (64-bit): Sep 28 2015 10:25:44
[2017.10.17-12.16.41:126][  0]LogInit: Compiled with Visual C++: 18.00.21005.01
[2017.10.17-12.16.41:126][  0]LogInit: Build Configuration: Development
[2017.10.17-12.16.41:126][  0]LogInit: Branch Name: ++depot+UE4-Releases+4.9
[2017.10.17-12.16.41:126][  0]LogInit: Command line:  
[2017.10.17-12.16.41:126][  0]LogInit: Base directory: C:/Program Files/Epic Games/UE_4.9/Engine/Binaries/Win64/
[2017.10.17-12.16.41:126][  0]LogInit: Rocket: 1
[2017.10.17-12.16.41:136][  0]LogInit: Using libcurl 7.41.0
[2017.10.17-12.16.41:136][  0]LogInit:  - built for x86_64-pc-win32
[2017.10.17-12.16.41:136][  0]LogInit:  - supports SSL with WinSSL
[2017.10.17-12.16.41:136][  0]LogInit:  - other features:
[2017.10.17-12.16.41:136][  0]LogInit:      CURL_VERSION_SSL
[2017.10.17-12.16.41:136][  0]LogInit:      CURL_VERSION_IPV6
[2017.10.17-12.16.41:136][  0]LogInit:      CURL_VERSION_ASYNCHDNS
[2017.10.17-12.16.41:136][  0]LogInit:      CURL_VERSION_LARGEFILE
[2017.10.17-12.16.41:136][  0]LogInit:      CURL_VERSION_IDN
[2017.10.17-12.16.41:136][  0]LogInit:  CurlRequestOptions (configurable via config and command line):
[2017.10.17-12.16.41:136][  0]LogInit:  - bVerifyPeer = true  - Libcurl will verify peer certificate
[2017.10.17-12.16.41:136][  0]LogInit:  - bUseHttpProxy = false  - Libcurl will NOT use HTTP proxy
[2017.10.17-12.16.41:136][  0]LogInit:  - bDontReuseConnections = false  - Libcurl will reuse connections
[2017.10.17-12.16.41:136][  0]LogInit:  - CertBundlePath = nullptr  - Libcurl will use whatever was configured at build time.
[2017.10.17-12.16.41:145][  0]LogInit: Presizing for 0 objects not considered by GC, pre-allocating 0 bytes.
[2017.10.17-12.16.41:156][  0]LogInit: Object subsystem initialized
[2017.10.17-12.16.41:158][  0]LogInit: Selected Device Profile: [Windows]
[2017.10.17-12.16.41:158][  0]LogInit: Applying CVar settings loaded from the selected device profile: [Windows]
[2017.10.17-12.16.41:167][  0]LogInit: Computer: ARTY-PC
[2017.10.17-12.16.41:167][  0]LogInit: User: Arty
[2017.10.17-12.16.41:167][  0]LogInit: CPU Page size=4096, Cores=4
[2017.10.17-12.16.41:167][  0]LogInit: High frequency timer resolution =2.143603 MHz
[2017.10.17-12.16.41:168][  0]LogMemory: Memory total: Physical=5.9GB (6GB approx)
[2017.10.17-12.16.41:168][  0]LogMemory: Platform Memory Stats for Windows
[2017.10.17-12.16.41:168][  0]LogMemory: Process Physical Memory: 55.14 MB used, 55.14 MB peak
[2017.10.17-12.16.41:168][  0]LogMemory: Process Virtual Memory: 57.52 MB used, 57.52 MB peak
[2017.10.17-12.16.41:168][  0]LogMemory: Physical Memory: 3728.08 MB used, 6054.69 MB total
[2017.10.17-12.16.41:168][  0]LogMemory: Virtual Memory: 339.71 MB used, 8388608.00 MB total
[2017.10.17-12.16.41:218][  0]LogTextLocalizationManager: No specific translations for ('en-US') exist, so ('en') translations will be used.
[2017.10.17-12.16.42:198][  0]LogD3D11RHI: Found D3D11 adapter 0: Intel(R) HD Graphics 3000 (Feature Level 11_0)
[2017.10.17-12.16.42:198][  0]LogD3D11RHI: Adapter has 1998MB of dedicated video memory, 0MB of dedicated system memory, and 2047MB of shared system memory, 2 output[s]
[2017.10.17-12.16.42:212][  0]LogD3D11RHI: Found D3D11 adapter 1: NVIDIA GeForce GT 630M                (Feature Level 11_0)
[2017.10.17-12.16.42:212][  0]LogD3D11RHI: Adapter has 1998MB of dedicated video memory, 0MB of dedicated system memory, and 2047MB of shared system memory, 0 output[s]
[2017.10.17-12.16.42:213][  0]LogD3D11RHI: Chosen D3D11 Adapter Id = 0
[2017.10.17-12.16.42:220][  0]LogD3D11RHI: !Direct3DDevice
[2017.10.17-12.16.42:220][  0]LogRHI: Texture pool is 1361 MB (70% of 1945 MB)
[2017.10.17-12.16.42:229][  0]LogD3D11RHI: Async texture creation enabled
[2017.10.17-12.16.42:240][  0]LogShaderCompilers: Guid format shader working directory is 15 characters bigger than the processId version (../../../../../../Users/Arty/Documents/Unreal Projects/HskaGameProgramming/Intermediate/Shaders/WorkingDirectory/7960/).
[2017.10.17-12.16.42:240][  0]LogShaderCompilers: Cleaned the shader compiler working directory '../../../../../../Users/Arty/Documents/Unreal Projects/HskaGameProgramming/Intermediate/Shaders/tmp/27EFC74A4CA1015B19863EA467C9BD66/'.
[2017.10.17-12.16.42:240][  0]LogShaderCompilers:Display: Using Local Shader Compiler.
[2017.10.17-12.16.43:737][  0]LogTemp:Display: Loaded TP AllDesktopTargetPlatform
[2017.10.17-12.16.43:745][  0]LogTemp:Display: Loaded TP WindowsClientTargetPlatform
[2017.10.17-12.16.43:752][  0]LogTemp:Display: Loaded TP WindowsNoEditorTargetPlatform
[2017.10.17-12.16.43:759][  0]LogTemp:Display: Loaded TP WindowsServerTargetPlatform
[2017.10.17-12.16.43:766][  0]LogTemp:Display: Loaded TP WindowsTargetPlatform
[2017.10.17-12.16.43:771][  0]LogTemp:Display: Loaded TP AndroidTargetPlatform
[2017.10.17-12.16.43:775][  0]LogTemp:Display: Loaded TP Android_ASTCTargetPlatform
[2017.10.17-12.16.43:780][  0]LogTemp:Display: Loaded TP Android_ATCTargetPlatform
[2017.10.17-12.16.43:784][  0]LogTemp:Display: Loaded TP Android_DXTTargetPlatform
[2017.10.17-12.16.43:790][  0]LogTemp:Display: Loaded TP Android_ETC1TargetPlatform
[2017.10.17-12.16.43:795][  0]LogTemp:Display: Loaded TP Android_ETC2TargetPlatform
[2017.10.17-12.16.43:800][  0]LogTemp:Display: Loaded TP Android_PVRTCTargetPlatform
[2017.10.17-12.16.43:801][  0]LogTemp:Display: Loaded TP HTML5TargetPlatform
[2017.10.17-12.16.43:819][  0]LogTemp:Display: Loaded TP IOSTargetPlatform
[2017.10.17-12.16.43:824][  0]LogTemp:Display: Loaded TP LinuxNoEditorTargetPlatform
[2017.10.17-12.16.43:828][  0]LogTemp:Display: Loaded TP LinuxServerTargetPlatform
[2017.10.17-12.16.43:833][  0]LogTemp:Display: Loaded TP LinuxTargetPlatform
[2017.10.17-12.16.43:833][  0]LogTargetPlatformManager:Display: Building Assets For Windows
[2017.10.17-12.16.43:934][  0]LogDerivedDataCache:Display: Max Cache Size: 512 MB
[2017.10.17-12.16.43:998][  0]LogDerivedDataCache: Loaded boot cache 0.06s 41MB C:/Users/Arty/AppData/Local/UnrealEngine/4.9/DerivedDataCache/Boot.ddc.
[2017.10.17-12.16.43:998][  0]LogDerivedDataCache:Display: Loaded Boot cache: C:/Users/Arty/AppData/Local/UnrealEngine/4.9/DerivedDataCache/Boot.ddc
[2017.10.17-12.16.43:998][  0]LogDerivedDataCache: FDerivedDataBackendGraph:  Pak pak cache file ../../../../../../Users/Arty/Documents/Unreal Projects/HskaGameProgramming/DerivedDataCache/DDC.ddp not found, will not use a pak cache.
[2017.10.17-12.16.43:998][  0]LogDerivedDataCache: Unable to find inner node Pak for hierarchical cache Hierarchy.
[2017.10.17-12.16.43:998][  0]LogDerivedDataCache: FDerivedDataBackendGraph:  CompressedPak pak cache file ../../../../../../Users/Arty/Documents/Unreal Projects/HskaGameProgramming/DerivedDataCache/Compressed.ddp not found, will not use a pak cache.
[2017.10.17-12.16.43:998][  0]LogDerivedDataCache: Unable to find inner node CompressedPak for hierarchical cache Hierarchy.
[2017.10.17-12.16.44:203][  0]LogDerivedDataCache:Display: Pak cache opened for reading ../../../Engine/DerivedDataCache/Compressed.ddp.
[2017.10.17-12.16.44:215][  0]LogDerivedDataCache: Using Local data cache path C:/Users/Arty/AppData/Local/UnrealEngine/Common/DerivedDataCache: Writable
[2017.10.17-12.16.44:453][  0]LogInit: Selected Device Profile: [Windows]
[2017.10.17-12.16.44:454][  0]LogContentStreaming: Texture pool size is 0.000000MB
[2017.10.17-12.16.44:489][  0]LogMeshUtilities: No automatic mesh reduction module available
[2017.10.17-12.16.44:489][  0]LogMeshUtilities: No automatic mesh merging module available
[2017.10.17-12.16.45:010][  0]LogInit: WinSock: version 1.1 (2.2), MaxSocks=32767, MaxUdp=65467
[2017.10.17-12.16.45:909][  0]UdpMessaging: Initializing bridge on interface 0.0.0.0:0 to multicast group 230.0.0.1:6666.
[2017.10.17-12.16.46:041][  0]LogAssetRegistry: FAssetRegistry took 0.0105 seconds to start up
[2017.10.17-12.16.46:259][  0]SourceControl: Info Source control is disabled
[2017.10.17-12.16.46:261][  0]SourceControl: Info Source control is disabled
[2017.10.17-12.16.46:275][  0]SourceControl: Info Source control is disabled
[2017.10.17-12.16.46:287][  0]SourceControl: Info Source control is disabled
[2017.10.17-12.16.46:456][  0]LogLinker:Warning: Asset '../../../Engine/Plugins/Runtime/LeapMotionController/Content/LM_PassthroughMaterial.uasset' has been saved with empty engine version. The asset will be loaded but may be incompatible.
[2017.10.17-12.16.46:550][  0]LogObj: 28361 objects as part of root set at end of initial load.
[2017.10.17-12.16.46:550][  0]LogUObjectAllocator: 6038864 out of 0 bytes used by permanent object pool.
[2017.10.17-12.16.46:619][  0]LogEngine: Initializing Engine...
[2017.10.17-12.16.46:622][  0]LogHMD: Can't find Oculus library dev build: is proper Runtime installed? Version: 0.7.0.0
[2017.10.17-12.16.46:623][  0]LogHMD: SteamVR failed to initialize.  Err: 110
[2017.10.17-12.16.46:793][  0]LogAIModule: Creating AISystem for world NewWorld
[2017.10.17-12.16.46:797][  0]LogInit: XAudio2 using 'Speakers (Realtek High Definition Audio)' : 2 channels at 48 kHz using 32 bits per sample (channel mask 0x3)
[2017.10.17-12.16.46:828][  0]LogInit: FAudioDevice initialized.
[2017.10.17-12.16.46:857][  0]LogDerivedDataCache: Saved boot cache 0.03s 41MB C:/Users/Arty/AppData/Local/UnrealEngine/4.9/DerivedDataCache/Boot.ddc.
[2017.10.17-12.16.46:864][  0]LogInit: Texture streaming: Enabled
[2017.10.17-12.16.46:870][  0]LogAnalytics: Creating configured Analytics provider AnalyticsET
[2017.10.17-12.16.46:870][  0]LogAnalytics: [UEEditor.Rocket.Release] APIServer = http://et2.epicgames.com/ET2/. AppVersion = 4.9.2-2707645+++depot+UE4-Releases+4.9
[2017.10.17-12.16.46:870][  0]LogAnalytics: [UEEditor.Rocket.Release] SetUserId 1e1e480d469d29cfe70707834531e5c9|31b1a603288d4d93b1b870af560a183d|7f2cb8d1-278f-46fc-b5f3-ba2cfa6f34fe
[2017.10.17-12.16.46:870][  0]LogAnalytics: [UEEditor.Rocket.Release] AnalyticsET::StartSession
[2017.10.17-12.16.46:895][  0]LogInit: Transaction tracking system initialized
[2017.10.17-12.16.46:931][  0]BlueprintLog: New page: Editor Load
[2017.10.17-12.16.47:025][  0]LocalizationService: Info Localization service is disabled
[2017.10.17-12.16.47:123][  0]LogConsoleResponse:Display: 
[2017.10.17-12.16.47:267][  0]LogCook:Display: Done creating registry. It took  0.00s.
[2017.10.17-12.16.47:336][  0]LogFileCache: Scanning file cache for directory 'C:/Users/Arty/Documents/Unreal Projects/HskaGameProgramming/Content/' took 0.01s
[2017.10.17-12.16.47:337][  0]SourceControl: Info Source control is disabled
[2017.10.17-12.16.47:337][  0]Cmd: MAP LOAD FILE="../../../Engine/Content/Maps/Templates/Template_Default.umap" TEMPLATE=1 SHOWPROGRESS=1 FEATURELEVEL=3
[2017.10.17-12.16.47:337][  0]LightingResults: New page: Lighting Build
[2017.10.17-12.16.47:341][  0]MapCheck: New page: Map Check
[2017.10.17-12.16.47:341][  0]LightingResults: New page: Lighting Build
[2017.10.17-12.16.47:354][  0]LogParticles: Destroying 0 GPU particle simulations for FXSystem 0x0000000021D6A160
[2017.10.17-12.16.47:720][  0]LogAIModule: Creating AISystem for world Untitled_1
[2017.10.17-12.16.47:728][  0]LogEditorServer: Finished looking for orphan Actors (0.000 secs)
[2017.10.17-12.16.47:735][  0]Cmd: MAP CHECKDEP NOCLEARLOG
[2017.10.17-12.16.47:799][  0]MapCheck: Info Map check complete: 0 Error(s), 0 Warning(s), took 64.044ms to complete.
[2017.10.17-12.16.47:799][  0]LogFileHelpers: Loading map 'Template_Default' took 0.463
[2017.10.17-12.16.47:928][  0]LogCollectionManager: Loaded 0 collections in 0.002341 seconds
[2017.10.17-12.16.47:968][  0]LogFileCache: Scanning file cache for directory 'C:/Users/Arty/Documents/Unreal Projects/HskaGameProgramming/Saved/Collections/' took 0.01s
[2017.10.17-12.16.47:968][  0]LogFileCache: Scanning file cache for directory 'C:/Users/Arty/Documents/Unreal Projects/HskaGameProgramming/Content/Developers/Arty/Collections/' took 0.01s
[2017.10.17-12.16.47:968][  0]LogFileCache: Scanning file cache for directory 'C:/Users/Arty/Documents/Unreal Projects/HskaGameProgramming/Content/Collections/' took 0.01s
[2017.10.17-12.16.47:968][  0]LogContentBrowser: Native class hierarchy populated in 0.0086 seconds. Added 1867 classes and 333 folders.
[2017.10.17-12.16.47:979][  0]LogCollectionManager: Rebuilt the GUID cache for 0 collections in 0.000004 seconds
[2017.10.17-12.16.47:987][  0]LogContentBrowser: Native class hierarchy updated for 'WidgetCarousel' in 0.0004 seconds. Added 0 classes and 0 folders.
[2017.10.17-12.16.48:037][  0]LogContentBrowser: Native class hierarchy updated for 'AddContentDialog' in 0.0004 seconds. Added 0 classes and 0 folders.
[2017.10.17-12.16.48:042][  0]LogContentBrowser: Native class hierarchy updated for 'SceneOutliner' in 0.0005 seconds. Added 1 classes and 2 folders.
[2017.10.17-12.16.48:072][  0]LogCrashTracker: Crashtracker disabled due to settings.
[2017.10.17-12.16.48:076][  0]LogUObjectGlobals:Warning: Failed to find object 'Class None.'
[2017.10.17-12.16.48:097][  0]LogLoad: Full Startup: 7.64 seconds (BP compile: 0.06 seconds)
[2017.10.17-12.16.48:150][  0]LogContentStreaming: Texture pool size now 1000 MB
[2017.10.17-12.16.48:308][  0]LogRenderer: Reallocating scene render targets to support 712x440 (Frame:2).
[2017.10.17-12.16.48:649][  4]LogAssetRegistry: Asset discovery search completed in 2.6187 seconds
[2017.10.17-12.16.48:649][  4]LogCollectionManager: Rebuilt the object cache for 0 collections in 0.000001 seconds (found 0 objects)
[2017.10.17-12.16.48:649][  4]LogCollectionManager: Fixed up redirectors for 0 collections in 0.000029 seconds (updated 0 objects)
[2017.10.17-12.16.49:964][ 45]LogEditorViewport: Clicking on Actor (LMB): StaticMeshActor (Floor)
[2017.10.17-12.16.52:662][122]LogPlayLevel: PlayLevel: No blueprints needed recompiling
[2017.10.17-12.16.52:662][122]PIE: New page: PIE session: Untitled_1 (Oct 17, 2017, 4:16:52 PM)
[2017.10.17-12.16.52:663][122]LogPlayLevel: Creating play world package: /Temp/UEDPIE_0_Untitled_1
[2017.10.17-12.16.52:666][122]LogPlayLevel: PIE: StaticDuplicateObject took: (0.003674s)
[2017.10.17-12.16.52:667][122]LogAIModule: Creating AISystem for world Untitled_1
[2017.10.17-12.16.52:667][122]LogPlayLevel: PIE: World Init took: (0.000989s)
[2017.10.17-12.16.52:668][122]LogPlayLevel: PIE: Created PIE world by copying editor world from /Temp/Untitled_1.Untitled_1 to /Temp/UEDPIE_0_Untitled_1.Untitled_1 (0.004918s)
[2017.10.17-12.16.52:690][122]LogInit: XAudio2 using 'Speakers (Realtek High Definition Audio)' : 2 channels at 48 kHz using 32 bits per sample (channel mask 0x3)
[2017.10.17-12.16.52:700][122]LogInit: FAudioDevice initialized.
[2017.10.17-12.16.52:749][122]LogWorld: Game class is 'GameMode'
[2017.10.17-12.16.52:752][122]LogWorld: Bringing World /Temp/UEDPIE_0_Untitled_1.Untitled_1 up for play (max tick rate 0) at 2017.10.17-14.16.52
[2017.10.17-12.16.52:752][122]LogActor:Warning: GameSession /Temp/UEDPIE_0_Untitled_1.Untitled_1:PersistentLevel.GameSession_0 has natively added scene component(s), but none of them were set as the actor's RootComponent - picking one arbitrarily
[2017.10.17-12.16.52:753][122]LogActor:Warning: GameNetworkManager /Temp/UEDPIE_0_Untitled_1.Untitled_1:PersistentLevel.GameNetworkManager_0 has natively added scene component(s), but none of them were set as the actor's RootComponent - picking one arbitrarily
[2017.10.17-12.16.52:753][122]LogWorld: Bringing up level for play took: 0.002249
[2017.10.17-12.16.52:765][122]PIE: Info Play in editor start time for /Temp/UEDPIE_0_Untitled_1 0.124
[2017.10.17-12.17.02:680][501]LogParticles: Destroying 0 GPU particle simulations for FXSystem 0x000000001B262200
[2017.10.17-12.17.44:459][732]Cmd: QUIT_EDITOR
[2017.10.17-12.17.44:803][732]LogExit: Preparing to exit.
[2017.10.17-12.17.45:997][732]LogExit: Editor shut down
[2017.10.17-12.17.45:998][732]LogExit: Transaction tracking system shut down
[2017.10.17-12.17.46:000][732]LogParticles: Destroying 0 GPU particle simulations for FXSystem 0x000000000FC23420
[2017.10.17-12.17.46:000][732]LogParticles: Destroying 0 GPU particle simulations for FXSystem 0x000000001D67F4C0
[2017.10.17-12.17.46:001][732]LogParticles: Destroying 0 GPU particle simulations for FXSystem 0x000000002821C220
[2017.10.17-12.17.46:001][732]LogParticles: Destroying 0 GPU particle simulations for FXSystem 0x000000002821C0E0
[2017.10.17-12.17.46:164][732]LogExit: Object subsystem successfully closed.
[2017.10.17-12.17.46:183][732]LogD3D11RHI: Shutdown
[2017.10.17-12.17.46:183][732]LogD3D11RHI: CleanupD3DDevice
[2017.10.17-12.17.46:225][732]LogD3D11RHI: ~FD3D11DynamicRHI
[2017.10.17-12.17.46:249][732]LogModuleManager: Shutting down and abandoning module CrashTracker (197)
[2017.10.17-12.17.46:249][732]LogModuleManager: Shutting down and abandoning module SceneOutliner (196)
[2017.10.17-12.17.46:249][732]LogModuleManager: Shutting down and abandoning module SuperSearch (195)
[2017.10.17-12.17.46:249][732]LogModuleManager: Shutting down and abandoning module WidgetCarousel (194)
[2017.10.17-12.17.46:249][732]LogModuleManager: Shutting down and abandoning module AddContentDialog (193)
[2017.10.17-12.17.46:250][732]LogModuleManager: Shutting down and abandoning module EditorWidgets (192)
[2017.10.17-12.17.46:250][732]LogModuleManager: Shutting down and abandoning module CollectionManager (191)
[2017.10.17-12.17.46:250][732]LogModuleManager: Shutting down and abandoning module StatsViewer (190)
[2017.10.17-12.17.46:250][732]LogModuleManager: Shutting down and abandoning module FoliageEdit (189)
[2017.10.17-12.17.46:250][732]LogModuleManager: Shutting down and abandoning module LandscapeEditor (188)
[2017.10.17-12.17.46:250][732]LogModuleManager: Shutting down and abandoning module ActorPickerMode (187)
[2017.10.17-12.17.46:250][732]LogModuleManager: Shutting down and abandoning module GeometryMode (186)
[2017.10.17-12.17.46:250][732]LogModuleManager: Shutting down and abandoning module TextureAlignMode (185)
[2017.10.17-12.17.46:250][732]LogModuleManager: Shutting down and abandoning module BspMode (184)
[2017.10.17-12.17.46:250][732]LogModuleManager: Shutting down and abandoning module PlacementMode (183)
[2017.10.17-12.17.46:250][732]LogModuleManager: Shutting down and abandoning module AutomationWorker (182)
[2017.10.17-12.17.46:250][732]LogModuleManager: Shutting down and abandoning module CharacterAI (181)
[2017.10.17-12.17.46:250][732]LogModuleManager: Shutting down and abandoning module SmartSnapping (180)
[2017.10.17-12.17.46:250][732]LogModuleManager: Shutting down and abandoning module ViewportSnapping (179)
[2017.10.17-12.17.46:250][732]LogModuleManager: Shutting down and abandoning module LogVisualizer (178)
[2017.10.17-12.17.46:251][732]LogModuleManager: Shutting down and abandoning module GameProjectGeneration (177)
[2017.10.17-12.17.46:251][732]LogModuleManager: Shutting down and abandoning module IntroTutorials (176)
[2017.10.17-12.17.46:251][732]LogModuleManager: Shutting down and abandoning module EditorLiveStreaming (175)
[2017.10.17-12.17.46:251][732]LogModuleManager: Shutting down and abandoning module IOSPlatformEditor (174)
[2017.10.17-12.17.46:251][732]LogModuleManager: Shutting down and abandoning module HTML5PlatformEditor (173)
[2017.10.17-12.17.46:251][732]LogModuleManager: Shutting down and abandoning module AndroidDeviceDetection (172)
[2017.10.17-12.17.47:073][732]LogModuleManager: Shutting down and abandoning module AndroidPlatformEditor (171)
[2017.10.17-12.17.47:073][732]LogModuleManager: Shutting down and abandoning module IOSRuntimeSettings (170)
[2017.10.17-12.17.47:073][732]LogModuleManager: Shutting down and abandoning module AndroidRuntimeSettings (169)
[2017.10.17-12.17.47:073][732]LogModuleManager: Shutting down and abandoning module MergeActors (168)
[2017.10.17-12.17.47:073][732]LogModuleManager: Shutting down and abandoning module SizeMap (167)
[2017.10.17-12.17.47:073][732]LogModuleManager: Shutting down and abandoning module TreeMap (166)
[2017.10.17-12.17.47:073][732]LogModuleManager: Shutting down and abandoning module ReferenceViewer (165)
[2017.10.17-12.17.47:073][732]LogModuleManager: Shutting down and abandoning module LocalizationService (164)
[2017.10.17-12.17.47:073][732]LogModuleManager: Shutting down and abandoning module LocalizationDashboard (163)
[2017.10.17-12.17.47:073][732]LogModuleManager: Shutting down and abandoning module HardwareTargeting (162)
[2017.10.17-12.17.47:073][732]LogModuleManager: Shutting down and abandoning module DeviceProfileEditor (161)
[2017.10.17-12.17.47:073][732]LogModuleManager: Shutting down and abandoning module UndoHistory (160)
[2017.10.17-12.17.47:073][732]LogModuleManager: Shutting down and abandoning module GameplayTagsEditor (159)
[2017.10.17-12.17.47:073][732]LogModuleManager: Shutting down and abandoning module UserFeedback (158)
[2017.10.17-12.17.47:073][732]LogModuleManager: Shutting down and abandoning module XmlParser (157)
[2017.10.17-12.17.47:073][732]LogModuleManager: Shutting down and abandoning module Blutility (156)
[2017.10.17-12.17.47:073][732]LogModuleManager: Shutting down and abandoning module ProjectTargetPlatformEditor (155)
[2017.10.17-12.17.47:073][732]LogModuleManager: Shutting down and abandoning module ProjectSettingsViewer (154)
[2017.10.17-12.17.47:073][732]LogModuleManager: Shutting down and abandoning module InputBindingEditor (153)
[2017.10.17-12.17.47:073][732]LogModuleManager: Shutting down and abandoning module EditorSettingsViewer (152)
[2017.10.17-12.17.47:073][732]LogModuleManager: Shutting down and abandoning module SettingsEditor (151)
[2017.10.17-12.17.47:073][732]LogModuleManager: Shutting down and abandoning module ProjectLauncher (150)
[2017.10.17-12.17.47:074][732]LogModuleManager: Shutting down and abandoning module SessionFrontend (149)
[2017.10.17-12.17.47:074][732]LogModuleManager: Shutting down and abandoning module ProfilerClient (148)
[2017.10.17-12.17.47:074][732]LogModuleManager: Shutting down and abandoning module TargetDeviceServices (147)
[2017.10.17-12.17.47:074][732]LogModuleManager: Shutting down and abandoning module DeviceManager (146)
[2017.10.17-12.17.47:074][732]LogModuleManager: Shutting down and abandoning module AutomationController (145)
[2017.10.17-12.17.47:074][732]LogModuleManager: Shutting down and abandoning module AutomationWindow (144)
[2017.10.17-12.17.47:074][732]LogModuleManager: Shutting down and abandoning module Layers (143)
[2017.10.17-12.17.47:074][732]LogModuleManager: Shutting down and abandoning module ComponentVisualizers (142)
[2017.10.17-12.17.47:074][732]LogModuleManager: Shutting down and abandoning module DetailCustomizations (141)
[2017.10.17-12.17.47:074][732]LogModuleManager: Shutting down and abandoning module PackagesDialog (140)
[2017.10.17-12.17.47:074][732]LogModuleManager: Shutting down and abandoning module Persona (139)
[2017.10.17-12.17.47:074][732]LogModuleManager: Shutting down and abandoning module Kismet (138)
[2017.10.17-12.17.47:074][732]LogModuleManager: Shutting down and abandoning module GraphEditor (137)
[2017.10.17-12.17.47:074][732]LogModuleManager: Shutting down and abandoning module ClassViewer (136)
[2017.10.17-12.17.47:074][732]LogModuleManager: Shutting down and abandoning module Toolbox (135)
[2017.10.17-12.17.47:074][732]LogModuleManager: Shutting down and abandoning module ModuleUI (134)
[2017.10.17-12.17.47:074][732]LogModuleManager: Shutting down and abandoning module MovieSceneTools (133)
[2017.10.17-12.17.47:074][732]LogModuleManager: Shutting down and abandoning module OutputLog (132)
[2017.10.17-12.17.47:074][732]LogModuleManager: Shutting down and abandoning module GammaUI (131)
[2017.10.17-12.17.47:074][732]LogModuleManager: Shutting down and abandoning module Documentation (130)
[2017.10.17-12.17.47:074][732]LogModuleManager: Shutting down and abandoning module GameLiveStreaming (129)
[2017.10.17-12.17.47:074][732]LogModuleManager: Shutting down and abandoning module StreamingPauseRendering (128)
[2017.10.17-12.17.47:074][732]LogModuleManager: Shutting down and abandoning module AnalyticsET (127)
[2017.10.17-12.17.47:074][732]LogModuleManager: Shutting down and abandoning module Analytics (126)
[2017.10.17-12.17.47:074][732]LogModuleManager: Shutting down and abandoning module AITestSuite (125)
[2017.10.17-12.17.47:074][732]LogModuleManager: Shutting down and abandoning module GameplayDebugger (124)
[2017.10.17-12.17.47:074][732]LogModuleManager: Shutting down and abandoning module AIModule (123)
[2017.10.17-12.17.47:074][732]LogModuleManager: Shutting down and abandoning module ProfilerService (122)
[2017.10.17-12.17.47:319][732]LogModuleManager: Shutting down and abandoning module TaskGraph (121)
[2017.10.17-12.17.47:319][732]LogModuleManager: Shutting down and abandoning module SlateRemote (120)
[2017.10.17-12.17.47:319][732]LogModuleManager: Shutting down and abandoning module SteamVRController (119)
[2017.10.17-12.17.47:319][732]LogModuleManager: Shutting down and abandoning module SteamVR (118)
[2017.10.17-12.17.47:319][732]LogModuleManager: Shutting down and abandoning module ProceduralMeshComponent (117)
[2017.10.17-12.17.47:319][732]LogModuleManager: Shutting down and abandoning module OculusRift (116)
[2017.10.17-12.17.47:319][732]LogModuleManager: Shutting down and abandoning module OculusLibrary (115)
[2017.10.17-12.17.47:319][732]LogModuleManager: Shutting down and abandoning module LeapMotionController (114)
[2017.10.17-12.17.47:330][732]LogModuleManager: Shutting down and abandoning module CustomMeshComponent (113)
[2017.10.17-12.17.47:330][732]LogModuleManager: Shutting down and abandoning module CableComponent (112)
[2017.10.17-12.17.47:330][732]LogModuleManager: Shutting down and abandoning module ArchVisCharacter (111)
[2017.10.17-12.17.47:330][732]LogModuleManager: Shutting down and abandoning module MessagingDebugger (110)
[2017.10.17-12.17.47:330][732]LogModuleManager: Shutting down and abandoning module MediaPlayerEditor (109)
[2017.10.17-12.17.47:330][732]LogModuleManager: Shutting down and abandoning module HTML5Networking (108)
[2017.10.17-12.17.47:330][732]LogModuleManager: Shutting down and abandoning module SpeedTreeImporter (107)
[2017.10.17-12.17.47:330][732]LogModuleManager: Shutting down and abandoning module PluginBrowser (106)
[2017.10.17-12.17.47:330][732]LogModuleManager: Shutting down and abandoning module EpicSurvey (105)
[2017.10.17-12.17.47:330][732]LogModuleManager: Shutting down and abandoning module DesktopPlatform (104)
[2017.10.17-12.17.47:330][732]LogModuleManager: Shutting down and abandoning module VisualStudioSourceCodeAccess (103)
[2017.10.17-12.17.47:330][732]LogModuleManager: Shutting down and abandoning module UObjectPlugin (102)
[2017.10.17-12.17.47:330][732]LogModuleManager: Shutting down and abandoning module SubversionSourceControl (101)
[2017.10.17-12.17.47:330][732]LogModuleManager: Shutting down and abandoning module PerforceSourceControl (100)
[2017.10.17-12.17.47:330][732]LogModuleManager: Shutting down and abandoning module SourceControl (99)
[2017.10.17-12.17.47:330][732]LogModuleManager: Shutting down and abandoning module GitSourceControl (98)
[2017.10.17-12.17.47:330][732]LogModuleManager: Shutting down and abandoning module LightPropagationVolumeEditor (97)
[2017.10.17-12.17.47:330][732]LogModuleManager: Shutting down and abandoning module PaperTiledImporter (96)
[2017.10.17-12.17.47:330][732]LogModuleManager: Shutting down and abandoning module PaperSpriteSheetImporter (95)
[2017.10.17-12.17.47:330][732]LogModuleManager: Shutting down and abandoning module MeshPaint (94)
[2017.10.17-12.17.47:330][732]LogModuleManager: Shutting down and abandoning module SlateReflector (93)
[2017.10.17-12.17.47:330][732]LogModuleManager: Shutting down and abandoning module HotReload (92)
[2017.10.17-12.17.47:331][732]LogModuleManager: Shutting down and abandoning module MainFrame (91)
[2017.10.17-12.17.47:331][732]LogModuleManager: Shutting down and abandoning module LevelEditor (90)
[2017.10.17-12.17.47:332][732]LogModuleManager: Shutting down and abandoning module DirectoryWatcher (89)
[2017.10.17-12.17.47:332][732]LogModuleManager: Shutting down and abandoning module AssetRegistry (88)
[2017.10.17-12.17.47:428][732]LogModuleManager: Shutting down and abandoning module ContentBrowser (87)
[2017.10.17-12.17.47:429][732]LogModuleManager: Shutting down and abandoning module Paper2DEditor (86)
[2017.10.17-12.17.47:429][732]LogModuleManager: Shutting down and abandoning module UdpMessaging (85)
[2017.10.17-12.17.47:529][732]LogModuleManager: Shutting down and abandoning module LightPropagationVolumeRuntime (84)
[2017.10.17-12.17.47:529][732]LogModuleManager: Shutting down and abandoning module Paper2D (83)
[2017.10.17-12.17.47:529][732]LogModuleManager: Shutting down and abandoning module WindowsMoviePlayer (82)
[2017.10.17-12.17.47:532][732]LogModuleManager: Shutting down and abandoning module Media (81)
[2017.10.17-12.17.47:532][732]LogModuleManager: Shutting down and abandoning module WmfMedia (80)
[2017.10.17-12.17.47:532][732]LogModuleManager: Shutting down and abandoning module OnlineBlueprintSupport (79)
[2017.10.17-12.17.47:532][732]LogModuleManager: Shutting down and abandoning module GameplayTasksEditor (78)
[2017.10.17-12.17.47:532][732]LogModuleManager: Shutting down and abandoning module PropertyEditor (77)
[2017.10.17-12.17.47:532][732]LogModuleManager: Shutting down and abandoning module BehaviorTreeEditor (76)
[2017.10.17-12.17.47:533][732]LogModuleManager: Shutting down and abandoning module FunctionalTesting (75)
[2017.10.17-12.17.47:533][732]LogModuleManager: Shutting down and abandoning module CollisionAnalyzer (74)
[2017.10.17-12.17.47:533][732]LogModuleManager: Shutting down and abandoning module WorkspaceMenuStructure (73)
[2017.10.17-12.17.47:533][732]LogModuleManager: Shutting down and abandoning module MessageLog (72)
[2017.10.17-12.17.47:533][732]LogModuleManager: Shutting down and abandoning module Sequencer (71)
[2017.10.17-12.17.47:533][732]LogModuleManager: Shutting down and abandoning module AssetTools (70)
[2017.10.17-12.17.47:533][732]LogModuleManager: Shutting down and abandoning module UMGEditor (69)
[2017.10.17-12.17.47:533][732]LogModuleManager: Shutting down and abandoning module UMG (68)
[2017.10.17-12.17.47:533][732]LogModuleManager: Shutting down and abandoning module Slate (67)
[2017.10.17-12.17.47:533][732]LogModuleManager: Shutting down and abandoning module EditorStyle (66)
[2017.10.17-12.17.47:535][732]LogModuleManager: Shutting down and abandoning module SessionServices (65)
[2017.10.17-12.17.47:535][732]LogModuleManager: Shutting down and abandoning module SourceCodeAccess (64)
[2017.10.17-12.17.47:535][732]LogModuleManager: Shutting down and abandoning module HeadMountedDisplay (63)
[2017.10.17-12.17.47:535][732]LogModuleManager: Shutting down and abandoning module XAudio2 (62)
[2017.10.17-12.17.47:535][732]LogModuleManager: Shutting down and abandoning module Networking (60)
[2017.10.17-12.17.47:535][732]LogModuleManager: Shutting down and abandoning module Core (59)
[2017.10.17-12.17.47:535][732]LogModuleManager: Shutting down and abandoning module KismetCompiler (58)
[2017.10.17-12.17.47:535][732]LogModuleManager: Shutting down and abandoning module PhysXFormats (57)
[2017.10.17-12.17.47:535][732]LogModuleManager: Shutting down and abandoning module MeshUtilities (56)
[2017.10.17-12.17.47:535][732]LogModuleManager: Shutting down and abandoning module CookingStats (55)
[2017.10.17-12.17.47:536][732]LogModuleManager: Shutting down and abandoning module DerivedDataCache (54)
[2017.10.17-12.17.47:708][732]LogDerivedDataCache: Shutdown
[2017.10.17-12.17.47:708][732]LogModuleManager: Shutting down and abandoning module ShaderFormatOpenGL (53)
[2017.10.17-12.17.47:708][732]LogModuleManager: Shutting down and abandoning module ShaderFormatD3D (52)
[2017.10.17-12.17.47:708][732]LogModuleManager: Shutting down and abandoning module MetalShaderFormat (51)
[2017.10.17-12.17.47:708][732]LogModuleManager: Shutting down and abandoning module TextureFormatUncompressed (50)
[2017.10.17-12.17.47:708][732]LogModuleManager: Shutting down and abandoning module TextureFormatPVR (49)
[2017.10.17-12.17.47:708][732]LogModuleManager: Shutting down and abandoning module TextureFormatIntelISPCTexComp (48)
[2017.10.17-12.17.47:708][732]LogModuleManager: Shutting down and abandoning module TextureFormatDXT (47)
[2017.10.17-12.17.47:708][732]LogModuleManager: Shutting down and abandoning module ImageWrapper (46)
[2017.10.17-12.17.47:708][732]LogModuleManager: Shutting down and abandoning module TextureFormatASTC (45)
[2017.10.17-12.17.47:708][732]LogModuleManager: Shutting down and abandoning module TextureFormatAndroid (44)
[2017.10.17-12.17.47:708][732]LogModuleManager: Shutting down and abandoning module AudioFormatOpus (43)
[2017.10.17-12.17.47:708][732]LogModuleManager: Shutting down and abandoning module AudioFormatOgg (42)
[2017.10.17-12.17.47:708][732]LogModuleManager: Shutting down and abandoning module AudioFormatADPCM (41)
[2017.10.17-12.17.47:708][732]LogModuleManager: Shutting down and abandoning module LinuxTargetPlatform (40)
[2017.10.17-12.17.47:708][732]LogModuleManager: Shutting down and abandoning module LinuxServerTargetPlatform (39)
[2017.10.17-12.17.47:708][732]LogModuleManager: Shutting down and abandoning module LinuxNoEditorTargetPlatform (38)
[2017.10.17-12.17.47:708][732]LogModuleManager: Shutting down and abandoning module Messaging (37)
[2017.10.17-12.17.47:708][732]LogModuleManager: Shutting down and abandoning module IOSTargetPlatform (36)
[2017.10.17-12.17.47:708][732]LogModuleManager: Shutting down and abandoning module HTML5TargetPlatform (35)
[2017.10.17-12.17.47:708][732]LogModuleManager: Shutting down and abandoning module Android_PVRTCTargetPlatform (34)
[2017.10.17-12.17.47:708][732]LogModuleManager: Shutting down and abandoning module Android_ETC2TargetPlatform (33)
[2017.10.17-12.17.47:708][732]LogModuleManager: Shutting down and abandoning module Android_ETC1TargetPlatform (32)
[2017.10.17-12.17.47:708][732]LogModuleManager: Shutting down and abandoning module Android_DXTTargetPlatform (31)
[2017.10.17-12.17.47:708][732]LogModuleManager: Shutting down and abandoning module Android_ATCTargetPlatform (30)
[2017.10.17-12.17.47:708][732]LogModuleManager: Shutting down and abandoning module Android_ASTCTargetPlatform (29)
[2017.10.17-12.17.47:708][732]LogModuleManager: Shutting down and abandoning module AndroidTargetPlatform (28)
[2017.10.17-12.17.47:708][732]LogModuleManager: Shutting down and abandoning module WindowsTargetPlatform (27)
[2017.10.17-12.17.47:708][732]LogModuleManager: Shutting down and abandoning module WindowsServerTargetPlatform (26)
[2017.10.17-12.17.47:708][732]LogModuleManager: Shutting down and abandoning module WindowsNoEditorTargetPlatform (25)
[2017.10.17-12.17.47:708][732]LogModuleManager: Shutting down and abandoning module WindowsClientTargetPlatform (24)
[2017.10.17-12.17.47:708][732]LogModuleManager: Shutting down and abandoning module AllDesktopTargetPlatform (23)
[2017.10.17-12.17.47:708][732]LogModuleManager: Shutting down and abandoning module TargetPlatform (22)
[2017.10.17-12.17.47:708][732]LogModuleManager: Shutting down and abandoning module InputCore (21)
[2017.10.17-12.17.47:709][732]LogModuleManager: Shutting down and abandoning module Settings (20)
[2017.10.17-12.17.47:709][732]LogModuleManager: Shutting down and abandoning module OnlineSubsystem (18)
[2017.10.17-12.17.47:709][732]LogModuleManager: Shutting down and abandoning module HTTP (17)
[2017.10.17-12.17.49:709][732]LogModuleManager: Shutting down and abandoning module XMPP (16)
[2017.10.17-12.17.49:709][732]LogModuleManager: Shutting down and abandoning module ExampleDeviceProfileSelector (15)
[2017.10.17-12.17.49:709][732]LogModuleManager: Shutting down and abandoning module TextureCompressor (14)
[2017.10.17-12.17.49:709][732]LogModuleManager: Shutting down and abandoning module ShaderCore (13)
[2017.10.17-12.17.49:709][732]LogModuleManager: Shutting down and abandoning module Landscape (12)
[2017.10.17-12.17.49:709][732]LogModuleManager: Shutting down and abandoning module SlateRHIRenderer (11)
[2017.10.17-12.17.49:710][732]LogModuleManager: Shutting down and abandoning module OpenGLDrv (10)
[2017.10.17-12.17.49:710][732]LogModuleManager: Shutting down and abandoning module D3D11RHI (9)
[2017.10.17-12.17.49:710][732]LogModuleManager: Shutting down and abandoning module AnimGraphRuntime (8)
[2017.10.17-12.17.49:710][732]LogModuleManager: Shutting down and abandoning module Renderer (7)
[2017.10.17-12.17.49:710][732]LogModuleManager: Shutting down and abandoning module Engine (6)
[2017.10.17-12.17.49:710][732]LogModuleManager: Shutting down and abandoning module CoreUObject (5)
[2017.10.17-12.17.49:710][732]LogModuleManager: Shutting down and abandoning module NetworkFile (4)
[2017.10.17-12.17.49:710][732]LogModuleManager: Shutting down and abandoning module StreamingFile (3)
[2017.10.17-12.17.49:710][732]LogModuleManager: Shutting down and abandoning module SandboxFile (2)
[2017.10.17-12.17.49:710][732]LogModuleManager: Shutting down and abandoning module PakFile (1)
[2017.10.17-12.17.49:711][732]LogExit: Exiting.
[2017.10.17-12.17.49:712][732]Log file closed, 10/17/17 14:17:49
